[0.014s] Invoking command in '/home/reaper/ros2_ws/src/pathfinder/build/pathfinder': CMAKE_PREFIX_PATH=/opt/ros/foxy /usr/bin/cmake --build /home/reaper/ros2_ws/src/pathfinder/build/pathfinder -- -j8 -l8
[0.058s] [35m[1mScanning dependencies of target algo_out[0m
[0.076s] [ 50%] Built target in_map
[0.089s] [ 75%] [32mBuilding CXX object CMakeFiles/algo_out.dir/src/node2_algo_out.cpp.o[0m
[2.728s] [100%] [32m[1mLinking CXX executable algo_out[0m
[2.874s] [100%] Built target algo_out
[2.886s] Invoked command in '/home/reaper/ros2_ws/src/pathfinder/build/pathfinder' returned '0': CMAKE_PREFIX_PATH=/opt/ros/foxy /usr/bin/cmake --build /home/reaper/ros2_ws/src/pathfinder/build/pathfinder -- -j8 -l8
[2.929s] Invoking command in '/home/reaper/ros2_ws/src/pathfinder/build/pathfinder': CMAKE_PREFIX_PATH=/opt/ros/foxy /usr/bin/cmake --install /home/reaper/ros2_ws/src/pathfinder/build/pathfinder
[2.937s] -- Install configuration: ""
[2.937s] -- Installing: /home/reaper/ros2_ws/src/pathfinder/install/pathfinder/lib/pathfinder/in_map
[2.938s] -- Set runtime path of "/home/reaper/ros2_ws/src/pathfinder/install/pathfinder/lib/pathfinder/in_map" to ""
[2.938s] -- Installing: /home/reaper/ros2_ws/src/pathfinder/install/pathfinder/lib/pathfinder/algo_out
[2.939s] -- Set runtime path of "/home/reaper/ros2_ws/src/pathfinder/install/pathfinder/lib/pathfinder/algo_out" to ""
[2.939s] -- Installing: /home/reaper/ros2_ws/src/pathfinder/install/pathfinder/share/ament_index/resource_index/package_run_dependencies/pathfinder
[2.940s] -- Installing: /home/reaper/ros2_ws/src/pathfinder/install/pathfinder/share/ament_index/resource_index/parent_prefix_path/pathfinder
[2.940s] -- Installing: /home/reaper/ros2_ws/src/pathfinder/install/pathfinder/share/pathfinder/environment/ament_prefix_path.sh
[2.940s] -- Installing: /home/reaper/ros2_ws/src/pathfinder/install/pathfinder/share/pathfinder/environment/ament_prefix_path.dsv
[2.940s] -- Installing: /home/reaper/ros2_ws/src/pathfinder/install/pathfinder/share/pathfinder/environment/path.sh
[2.940s] -- Installing: /home/reaper/ros2_ws/src/pathfinder/install/pathfinder/share/pathfinder/environment/path.dsv
[2.940s] -- Installing: /home/reaper/ros2_ws/src/pathfinder/install/pathfinder/share/pathfinder/local_setup.bash
[2.941s] -- Installing: /home/reaper/ros2_ws/src/pathfinder/install/pathfinder/share/pathfinder/local_setup.sh
[2.941s] -- Installing: /home/reaper/ros2_ws/src/pathfinder/install/pathfinder/share/pathfinder/local_setup.zsh
[2.941s] -- Installing: /home/reaper/ros2_ws/src/pathfinder/install/pathfinder/share/pathfinder/local_setup.dsv
[2.941s] -- Installing: /home/reaper/ros2_ws/src/pathfinder/install/pathfinder/share/pathfinder/package.dsv
[2.941s] -- Installing: /home/reaper/ros2_ws/src/pathfinder/install/pathfinder/share/ament_index/resource_index/packages/pathfinder
[2.942s] -- Installing: /home/reaper/ros2_ws/src/pathfinder/install/pathfinder/share/pathfinder/cmake/pathfinderConfig.cmake
[2.942s] -- Installing: /home/reaper/ros2_ws/src/pathfinder/install/pathfinder/share/pathfinder/cmake/pathfinderConfig-version.cmake
[2.942s] -- Installing: /home/reaper/ros2_ws/src/pathfinder/install/pathfinder/share/pathfinder/package.xml
[2.945s] Invoked command in '/home/reaper/ros2_ws/src/pathfinder/build/pathfinder' returned '0': CMAKE_PREFIX_PATH=/opt/ros/foxy /usr/bin/cmake --install /home/reaper/ros2_ws/src/pathfinder/build/pathfinder
