[0.159s] DEBUG:colcon:Command line arguments: ['/usr/bin/colcon', 'build']
[0.159s] DEBUG:colcon:Parsed command line arguments: Namespace(allow_overriding=[], ament_cmake_args=None, base_paths=['.'], build_base='build', catkin_cmake_args=None, catkin_skip_building_tests=False, cmake_args=None, cmake_clean_cache=False, cmake_clean_first=False, cmake_force_configure=False, cmake_target=None, cmake_target_skip_unavailable=False, continue_on_error=False, event_handlers=None, executor='parallel', ignore_user_meta=False, install_base='install', log_base=None, log_level=None, main=<bound method BuildVerb.main of <colcon_core.verb.build.BuildVerb object at 0x7f0200b8f550>>, merge_install=False, metas=['./colcon.meta'], mixin=None, mixin_files=None, mixin_verb=('build',), packages_above=None, packages_above_and_dependencies=None, packages_above_depth=None, packages_end=None, packages_ignore=None, packages_ignore_regex=None, packages_select=None, packages_select_build_failed=False, packages_select_by_dep=None, packages_select_regex=None, packages_select_test_failures=False, packages_skip=None, packages_skip_build_finished=False, packages_skip_by_dep=None, packages_skip_regex=None, packages_skip_test_passed=False, packages_skip_up_to=None, packages_start=None, packages_up_to=None, packages_up_to_regex=None, parallel_workers=8, paths=None, symlink_install=False, test_result_base=None, verb_extension=<colcon_core.verb.build.BuildVerb object at 0x7f0200b8f550>, verb_name='build', verb_parser=<colcon_mixin.mixin.mixin_argument.MixinArgumentDecorator object at 0x7f0200b8fa30>)
[0.282s] Level 1:colcon.colcon_core.package_discovery:discover_packages(colcon_meta) check parameters
[0.282s] Level 1:colcon.colcon_core.package_discovery:discover_packages(recursive) check parameters
[0.282s] Level 1:colcon.colcon_core.package_discovery:discover_packages(ignore) check parameters
[0.282s] Level 1:colcon.colcon_core.package_discovery:discover_packages(path) check parameters
[0.282s] Level 1:colcon.colcon_core.package_discovery:discover_packages(colcon_meta) discover
[0.282s] Level 1:colcon.colcon_core.package_discovery:discover_packages(recursive) discover
[0.282s] INFO:colcon.colcon_core.package_discovery:Crawling recursively for packages in '/home/reaper/ros2_ws/src/pathfinder'
[0.282s] Level 1:colcon.colcon_core.package_identification:_identify(.) by extensions ['ignore', 'ignore_ament_install']
[0.283s] Level 1:colcon.colcon_core.package_identification:_identify(.) by extension 'ignore'
[0.283s] Level 1:colcon.colcon_core.package_identification:_identify(.) by extension 'ignore_ament_install'
[0.283s] Level 1:colcon.colcon_core.package_identification:_identify(.) by extensions ['colcon_pkg']
[0.283s] Level 1:colcon.colcon_core.package_identification:_identify(.) by extension 'colcon_pkg'
[0.283s] Level 1:colcon.colcon_core.package_identification:_identify(.) by extensions ['colcon_meta']
[0.283s] Level 1:colcon.colcon_core.package_identification:_identify(.) by extension 'colcon_meta'
[0.283s] Level 1:colcon.colcon_core.package_identification:_identify(.) by extensions ['ros']
[0.283s] Level 1:colcon.colcon_core.package_identification:_identify(.) by extension 'ros'
[0.295s] DEBUG:colcon.colcon_core.package_identification:Package '.' with type 'ros.ament_cmake' and name 'pathfinder'
[0.295s] Level 1:colcon.colcon_core.package_discovery:discover_packages(recursive) using defaults
[0.295s] Level 1:colcon.colcon_core.package_discovery:discover_packages(ignore) discover
[0.295s] Level 1:colcon.colcon_core.package_discovery:discover_packages(ignore) using defaults
[0.295s] Level 1:colcon.colcon_core.package_discovery:discover_packages(path) discover
[0.295s] Level 1:colcon.colcon_core.package_discovery:discover_packages(path) using defaults
[0.308s] Level 1:colcon.colcon_core.package_discovery:discover_packages(prefix_path) check parameters
[0.308s] Level 1:colcon.colcon_core.package_discovery:discover_packages(prefix_path) discover
[0.310s] DEBUG:colcon.colcon_installed_package_information.package_discovery:Found 263 installed packages in /opt/ros/foxy
[0.312s] Level 1:colcon.colcon_core.package_discovery:discover_packages(prefix_path) using defaults
[0.375s] Level 5:colcon.colcon_core.verb:set package 'pathfinder' build argument 'cmake_args' from command line to 'None'
[0.375s] Level 5:colcon.colcon_core.verb:set package 'pathfinder' build argument 'cmake_target' from command line to 'None'
[0.375s] Level 5:colcon.colcon_core.verb:set package 'pathfinder' build argument 'cmake_target_skip_unavailable' from command line to 'False'
[0.376s] Level 5:colcon.colcon_core.verb:set package 'pathfinder' build argument 'cmake_clean_cache' from command line to 'False'
[0.376s] Level 5:colcon.colcon_core.verb:set package 'pathfinder' build argument 'cmake_clean_first' from command line to 'False'
[0.376s] Level 5:colcon.colcon_core.verb:set package 'pathfinder' build argument 'cmake_force_configure' from command line to 'False'
[0.376s] Level 5:colcon.colcon_core.verb:set package 'pathfinder' build argument 'ament_cmake_args' from command line to 'None'
[0.376s] Level 5:colcon.colcon_core.verb:set package 'pathfinder' build argument 'catkin_cmake_args' from command line to 'None'
[0.376s] Level 5:colcon.colcon_core.verb:set package 'pathfinder' build argument 'catkin_skip_building_tests' from command line to 'False'
[0.376s] DEBUG:colcon.colcon_core.verb:Building package 'pathfinder' with the following arguments: {'ament_cmake_args': None, 'build_base': '/home/reaper/ros2_ws/src/pathfinder/build/pathfinder', 'catkin_cmake_args': None, 'catkin_skip_building_tests': False, 'cmake_args': None, 'cmake_clean_cache': False, 'cmake_clean_first': False, 'cmake_force_configure': False, 'cmake_target': None, 'cmake_target_skip_unavailable': False, 'install_base': '/home/reaper/ros2_ws/src/pathfinder/install/pathfinder', 'merge_install': False, 'path': '/home/reaper/ros2_ws/src/pathfinder', 'symlink_install': False, 'test_result_base': None}
[0.376s] INFO:colcon.colcon_core.executor:Executing jobs using 'parallel' executor
[0.377s] DEBUG:colcon.colcon_parallel_executor.executor.parallel:run_until_complete
[0.377s] INFO:colcon.colcon_ros.task.ament_cmake.build:Building ROS package in '/home/reaper/ros2_ws/src/pathfinder' with build type 'ament_cmake'
[0.377s] INFO:colcon.colcon_cmake.task.cmake.build:Building CMake package in '/home/reaper/ros2_ws/src/pathfinder'
[0.378s] INFO:colcon.colcon_core.plugin_system:Skipping extension 'colcon_core.shell.bat': Not used on non-Windows systems
[0.379s] INFO:colcon.colcon_core.shell:Skip shell extension 'powershell' for command environment: Not usable outside of PowerShell
[0.379s] DEBUG:colcon.colcon_core.shell:Skip shell extension 'dsv' for command environment
[0.390s] DEBUG:colcon.colcon_core.event_handler.log_command:Invoking command in '/home/reaper/ros2_ws/src/pathfinder/build/pathfinder': CMAKE_PREFIX_PATH=/opt/ros/foxy /usr/bin/cmake /home/reaper/ros2_ws/src/pathfinder -DCMAKE_INSTALL_PREFIX=/home/reaper/ros2_ws/src/pathfinder/install/pathfinder
[1.786s] DEBUG:colcon.colcon_core.event_handler.log_command:Invoked command in '/home/reaper/ros2_ws/src/pathfinder/build/pathfinder' returned '0': CMAKE_PREFIX_PATH=/opt/ros/foxy /usr/bin/cmake /home/reaper/ros2_ws/src/pathfinder -DCMAKE_INSTALL_PREFIX=/home/reaper/ros2_ws/src/pathfinder/install/pathfinder
[1.790s] DEBUG:colcon.colcon_core.event_handler.log_command:Invoking command in '/home/reaper/ros2_ws/src/pathfinder/build/pathfinder': CMAKE_PREFIX_PATH=/opt/ros/foxy /usr/bin/cmake --build /home/reaper/ros2_ws/src/pathfinder/build/pathfinder -- -j8 -l8
[4.697s] DEBUG:colcon.colcon_core.event_handler.log_command:Invoked command in '/home/reaper/ros2_ws/src/pathfinder/build/pathfinder' returned '2': CMAKE_PREFIX_PATH=/opt/ros/foxy /usr/bin/cmake --build /home/reaper/ros2_ws/src/pathfinder/build/pathfinder -- -j8 -l8
[4.725s] Level 1:colcon.colcon_core.environment:create_environment_scripts_only(pathfinder)
[4.728s] Level 1:colcon.colcon_core.environment:checking '/home/reaper/ros2_ws/src/pathfinder/install/pathfinder' for CMake module files
[4.728s] Level 1:colcon.colcon_core.environment:checking '/home/reaper/ros2_ws/src/pathfinder/install/pathfinder' for CMake config files
[4.728s] Level 1:colcon.colcon_core.environment:checking '/home/reaper/ros2_ws/src/pathfinder/install/pathfinder/bin'
[4.728s] Level 1:colcon.colcon_core.environment:checking '/home/reaper/ros2_ws/src/pathfinder/install/pathfinder/lib/pkgconfig/pathfinder.pc'
[4.728s] Level 1:colcon.colcon_core.environment:checking '/home/reaper/ros2_ws/src/pathfinder/install/pathfinder/lib/python3.8/site-packages'
[4.729s] Level 1:colcon.colcon_core.environment:checking '/home/reaper/ros2_ws/src/pathfinder/install/pathfinder/bin'
[4.729s] INFO:colcon.colcon_core.shell:Creating package script '/home/reaper/ros2_ws/src/pathfinder/install/pathfinder/share/pathfinder/package.ps1'
[4.730s] INFO:colcon.colcon_core.shell:Creating package descriptor '/home/reaper/ros2_ws/src/pathfinder/install/pathfinder/share/pathfinder/package.dsv'
[4.730s] INFO:colcon.colcon_core.shell:Creating package script '/home/reaper/ros2_ws/src/pathfinder/install/pathfinder/share/pathfinder/package.sh'
[4.731s] INFO:colcon.colcon_core.shell:Creating package script '/home/reaper/ros2_ws/src/pathfinder/install/pathfinder/share/pathfinder/package.bash'
[4.731s] INFO:colcon.colcon_core.shell:Creating package script '/home/reaper/ros2_ws/src/pathfinder/install/pathfinder/share/pathfinder/package.zsh'
[4.732s] Level 1:colcon.colcon_core.environment:create_file_with_runtime_dependencies(/home/reaper/ros2_ws/src/pathfinder/install/pathfinder/share/colcon-core/packages/pathfinder)
[4.743s] DEBUG:colcon.colcon_parallel_executor.executor.parallel:closing loop
[4.743s] DEBUG:colcon.colcon_parallel_executor.executor.parallel:loop closed
[4.743s] DEBUG:colcon.colcon_parallel_executor.executor.parallel:run_until_complete finished with '2'
[4.743s] DEBUG:colcon.colcon_core.event_reactor:joining thread
[4.748s] INFO:colcon.colcon_core.plugin_system:Skipping extension 'colcon_notification.desktop_notification.terminal_notifier': Not used on non-Darwin systems
[4.748s] INFO:colcon.colcon_core.plugin_system:Skipping extension 'colcon_notification.desktop_notification.win32': Not used on non-Windows systems
[4.748s] INFO:colcon.colcon_notification.desktop_notification:Sending desktop notification using 'notify2'
[4.761s] DEBUG:colcon.colcon_core.event_reactor:joined thread
[4.761s] INFO:colcon.colcon_core.shell:Creating prefix script '/home/reaper/ros2_ws/src/pathfinder/install/local_setup.ps1'
[4.762s] INFO:colcon.colcon_core.shell:Creating prefix util module '/home/reaper/ros2_ws/src/pathfinder/install/_local_setup_util_ps1.py'
[4.763s] INFO:colcon.colcon_core.shell:Creating prefix chain script '/home/reaper/ros2_ws/src/pathfinder/install/setup.ps1'
[4.764s] INFO:colcon.colcon_core.shell:Creating prefix script '/home/reaper/ros2_ws/src/pathfinder/install/local_setup.sh'
[4.764s] INFO:colcon.colcon_core.shell:Creating prefix util module '/home/reaper/ros2_ws/src/pathfinder/install/_local_setup_util_sh.py'
[4.764s] INFO:colcon.colcon_core.shell:Creating prefix chain script '/home/reaper/ros2_ws/src/pathfinder/install/setup.sh'
[4.765s] INFO:colcon.colcon_core.shell:Creating prefix script '/home/reaper/ros2_ws/src/pathfinder/install/local_setup.bash'
[4.765s] INFO:colcon.colcon_core.shell:Creating prefix chain script '/home/reaper/ros2_ws/src/pathfinder/install/setup.bash'
[4.766s] INFO:colcon.colcon_core.shell:Creating prefix script '/home/reaper/ros2_ws/src/pathfinder/install/local_setup.zsh'
[4.767s] INFO:colcon.colcon_core.shell:Creating prefix chain script '/home/reaper/ros2_ws/src/pathfinder/install/setup.zsh'
