In file included from [01m[K/opt/ros/foxy/include/rclcpp/node.hpp:1224[m[K,
                 from [01m[K/opt/ros/foxy/include/rclcpp/executors/single_threaded_executor.hpp:28[m[K,
                 from [01m[K/opt/ros/foxy/include/rclcpp/executors.hpp:22[m[K,
                 from [01m[K/opt/ros/foxy/include/rclcpp/rclcpp.hpp:146[m[K,
                 from [01m[K/home/reaper/ros2_ws/src/pathfinder/src/node2_algo_out.cpp:6[m[K:
/opt/ros/foxy/include/rclcpp/node_impl.hpp: In instantiation of ‘[01m[Kauto rclcpp::Node::declare_parameter(const string&, const ParameterT&, const ParameterDescriptor&, bool) [with ParameterT = Point; std::string = std::__cxx11::basic_string<char>; rcl_interfaces::msg::ParameterDescriptor = rcl_interfaces::msg::ParameterDescriptor_<std::allocator<void> >][m[K’:
[01m[K/home/reaper/ros2_ws/src/pathfinder/src/node2_algo_out.cpp:23:56:[m[K   required from here
[01m[K/opt/ros/foxy/include/rclcpp/node_impl.hpp:166:15:[m[K [01;31m[Kerror: [m[Kno matching function for call to ‘[01m[Krclcpp::ParameterValue::ParameterValue(const Point&)[m[K’
  166 |       rclcpp::[01;31m[KParameterValue(default_value)[m[K,
      |               [01;31m[K^~~~~~~~~~~~~~~~~~~~~~~~~~~~~[m[K
In file included from [01m[K/opt/ros/foxy/include/rclcpp/parameter.hpp:26[m[K,
                 from [01m[K/opt/ros/foxy/include/rclcpp/node_interfaces/node_parameters_interface.hpp:28[m[K,
                 from [01m[K/opt/ros/foxy/include/rclcpp/node.hpp:51[m[K,
                 from [01m[K/opt/ros/foxy/include/rclcpp/executors/single_threaded_executor.hpp:28[m[K,
                 from [01m[K/opt/ros/foxy/include/rclcpp/executors.hpp:22[m[K,
                 from [01m[K/opt/ros/foxy/include/rclcpp/rclcpp.hpp:146[m[K,
                 from [01m[K/home/reaper/ros2_ws/src/pathfinder/src/node2_algo_out.cpp:6[m[K:
[01m[K/opt/ros/foxy/include/rclcpp/parameter_value.hpp:121:12:[m[K [01;36m[Knote: [m[Kcandidate: ‘[01m[Krclcpp::ParameterValue::ParameterValue(const std::vector<std::__cxx11::basic_string<char> >&)[m[K’
  121 |   explicit [01;36m[KParameterValue[m[K(const std::vector<std::string> & string_array_value);
      |            [01;36m[K^~~~~~~~~~~~~~[m[K
[01m[K/opt/ros/foxy/include/rclcpp/parameter_value.hpp:121:60:[m[K [01;36m[Knote: [m[K  no known conversion for argument 1 from ‘[01m[Kconst Point[m[K’ to ‘[01m[Kconst std::vector<std::__cxx11::basic_string<char> >&[m[K’
  121 |   explicit ParameterValue([01;36m[Kconst std::vector<std::string> & string_array_value[m[K);
      |                           [01;36m[K~~~~~~~~~~~~~~~~~~~~~~~~~~~~~~~~~^~~~~~~~~~~~~~~~~~[m[K
[01m[K/opt/ros/foxy/include/rclcpp/parameter_value.hpp:118:12:[m[K [01;36m[Knote: [m[Kcandidate: ‘[01m[Krclcpp::ParameterValue::ParameterValue(const std::vector<double, std::allocator<double> >&)[m[K’
  118 |   explicit [01;36m[KParameterValue[m[K(const std::vector<double> & double_array_value);
      |            [01;36m[K^~~~~~~~~~~~~~[m[K
[01m[K/opt/ros/foxy/include/rclcpp/parameter_value.hpp:118:55:[m[K [01;36m[Knote: [m[K  no known conversion for argument 1 from ‘[01m[Kconst Point[m[K’ to ‘[01m[Kconst std::vector<double, std::allocator<double> >&[m[K’
  118 |   explicit ParameterValue([01;36m[Kconst std::vector<double> & double_array_value[m[K);
      |                           [01;36m[K~~~~~~~~~~~~~~~~~~~~~~~~~~~~^~~~~~~~~~~~~~~~~~[m[K
[01m[K/opt/ros/foxy/include/rclcpp/parameter_value.hpp:115:12:[m[K [01;36m[Knote: [m[Kcandidate: ‘[01m[Krclcpp::ParameterValue::ParameterValue(const std::vector<float>&)[m[K’
  115 |   explicit [01;36m[KParameterValue[m[K(const std::vector<float> & double_array_value);
      |            [01;36m[K^~~~~~~~~~~~~~[m[K
[01m[K/opt/ros/foxy/include/rclcpp/parameter_value.hpp:115:54:[m[K [01;36m[Knote: [m[K  no known conversion for argument 1 from ‘[01m[Kconst Point[m[K’ to ‘[01m[Kconst std::vector<float>&[m[K’
  115 |   explicit ParameterValue([01;36m[Kconst std::vector<float> & double_array_value[m[K);
      |                           [01;36m[K~~~~~~~~~~~~~~~~~~~~~~~~~~~^~~~~~~~~~~~~~~~~~[m[K
[01m[K/opt/ros/foxy/include/rclcpp/parameter_value.hpp:112:12:[m[K [01;36m[Knote: [m[Kcandidate: ‘[01m[Krclcpp::ParameterValue::ParameterValue(const std::vector<long int, std::allocator<long int> >&)[m[K’
  112 |   explicit [01;36m[KParameterValue[m[K(const std::vector<int64_t> & int_array_value);
      |            [01;36m[K^~~~~~~~~~~~~~[m[K
[01m[K/opt/ros/foxy/include/rclcpp/parameter_value.hpp:112:56:[m[K [01;36m[Knote: [m[K  no known conversion for argument 1 from ‘[01m[Kconst Point[m[K’ to ‘[01m[Kconst std::vector<long int, std::allocator<long int> >&[m[K’
  112 |   explicit ParameterValue([01;36m[Kconst std::vector<int64_t> & int_array_value[m[K);
      |                           [01;36m[K~~~~~~~~~~~~~~~~~~~~~~~~~~~~~^~~~~~~~~~~~~~~[m[K
[01m[K/opt/ros/foxy/include/rclcpp/parameter_value.hpp:109:12:[m[K [01;36m[Knote: [m[Kcandidate: ‘[01m[Krclcpp::ParameterValue::ParameterValue(const std::vector<int>&)[m[K’
  109 |   explicit [01;36m[KParameterValue[m[K(const std::vector<int> & int_array_value);
      |            [01;36m[K^~~~~~~~~~~~~~[m[K
[01m[K/opt/ros/foxy/include/rclcpp/parameter_value.hpp:109:52:[m[K [01;36m[Knote: [m[K  no known conversion for argument 1 from ‘[01m[Kconst Point[m[K’ to ‘[01m[Kconst std::vector<int>&[m[K’
  109 |   explicit ParameterValue([01;36m[Kconst std::vector<int> & int_array_value[m[K);
      |                           [01;36m[K~~~~~~~~~~~~~~~~~~~~~~~~~^~~~~~~~~~~~~~~[m[K
[01m[K/opt/ros/foxy/include/rclcpp/parameter_value.hpp:106:12:[m[K [01;36m[Knote: [m[Kcandidate: ‘[01m[Krclcpp::ParameterValue::ParameterValue(const std::vector<bool, std::allocator<bool> >&)[m[K’
  106 |   explicit [01;36m[KParameterValue[m[K(const std::vector<bool> & bool_array_value);
      |            [01;36m[K^~~~~~~~~~~~~~[m[K
[01m[K/opt/ros/foxy/include/rclcpp/parameter_value.hpp:106:53:[m[K [01;36m[Knote: [m[K  no known conversion for argument 1 from ‘[01m[Kconst Point[m[K’ to ‘[01m[Kconst std::vector<bool, std::allocator<bool> >&[m[K’
  106 |   explicit ParameterValue([01;36m[Kconst std::vector<bool> & bool_array_value[m[K);
      |                           [01;36m[K~~~~~~~~~~~~~~~~~~~~~~~~~~^~~~~~~~~~~~~~~~[m[K
[01m[K/opt/ros/foxy/include/rclcpp/parameter_value.hpp:103:12:[m[K [01;36m[Knote: [m[Kcandidate: ‘[01m[Krclcpp::ParameterValue::ParameterValue(const std::vector<unsigned char, std::allocator<unsigned char> >&)[m[K’
  103 |   explicit [01;36m[KParameterValue[m[K(const std::vector<uint8_t> & byte_array_value);
      |            [01;36m[K^~~~~~~~~~~~~~[m[K
[01m[K/opt/ros/foxy/include/rclcpp/parameter_value.hpp:103:56:[m[K [01;36m[Knote: [m[K  no known conversion for argument 1 from ‘[01m[Kconst Point[m[K’ to ‘[01m[Kconst std::vector<unsigned char, std::allocator<unsigned char> >&[m[K’
  103 |   explicit ParameterValue([01;36m[Kconst std::vector<uint8_t> & byte_array_value[m[K);
      |                           [01;36m[K~~~~~~~~~~~~~~~~~~~~~~~~~~~~~^~~~~~~~~~~~~~~~[m[K
[01m[K/opt/ros/foxy/include/rclcpp/parameter_value.hpp:100:12:[m[K [01;36m[Knote: [m[Kcandidate: ‘[01m[Krclcpp::ParameterValue::ParameterValue(const char*)[m[K’
  100 |   explicit [01;36m[KParameterValue[m[K(const char * string_value);
      |            [01;36m[K^~~~~~~~~~~~~~[m[K
[01m[K/opt/ros/foxy/include/rclcpp/parameter_value.hpp:100:40:[m[K [01;36m[Knote: [m[K  no known conversion for argument 1 from ‘[01m[Kconst Point[m[K’ to ‘[01m[Kconst char*[m[K’
  100 |   explicit ParameterValue([01;36m[Kconst char * string_value[m[K);
      |                           [01;36m[K~~~~~~~~~~~~~^~~~~~~~~~~~[m[K
[01m[K/opt/ros/foxy/include/rclcpp/parameter_value.hpp:97:12:[m[K [01;36m[Knote: [m[Kcandidate: ‘[01m[Krclcpp::ParameterValue::ParameterValue(const string&)[m[K’
   97 |   explicit [01;36m[KParameterValue[m[K(const std::string & string_value);
      |            [01;36m[K^~~~~~~~~~~~~~[m[K
[01m[K/opt/ros/foxy/include/rclcpp/parameter_value.hpp:97:47:[m[K [01;36m[Knote: [m[K  no known conversion for argument 1 from ‘[01m[Kconst Point[m[K’ to ‘[01m[Kconst string&[m[K’ {aka ‘[01m[Kconst std::__cxx11::basic_string<char>&[m[K’}
   97 |   explicit ParameterValue([01;36m[Kconst std::string & string_value[m[K);
      |                           [01;36m[K~~~~~~~~~~~~~~~~~~~~^~~~~~~~~~~~[m[K
[01m[K/opt/ros/foxy/include/rclcpp/parameter_value.hpp:94:12:[m[K [01;36m[Knote: [m[Kcandidate: ‘[01m[Krclcpp::ParameterValue::ParameterValue(double)[m[K’
   94 |   explicit [01;36m[KParameterValue[m[K(const double double_value);
      |            [01;36m[K^~~~~~~~~~~~~~[m[K
[01m[K/opt/ros/foxy/include/rclcpp/parameter_value.hpp:94:40:[m[K [01;36m[Knote: [m[K  no known conversion for argument 1 from ‘[01m[Kconst Point[m[K’ to ‘[01m[Kdouble[m[K’
   94 |   explicit ParameterValue([01;36m[Kconst double double_value[m[K);
      |                           [01;36m[K~~~~~~~~~~~~~^~~~~~~~~~~~[m[K
[01m[K/opt/ros/foxy/include/rclcpp/parameter_value.hpp:91:12:[m[K [01;36m[Knote: [m[Kcandidate: ‘[01m[Krclcpp::ParameterValue::ParameterValue(float)[m[K’
   91 |   explicit [01;36m[KParameterValue[m[K(const float double_value);
      |            [01;36m[K^~~~~~~~~~~~~~[m[K
[01m[K/opt/ros/foxy/include/rclcpp/parameter_value.hpp:91:39:[m[K [01;36m[Knote: [m[K  no known conversion for argument 1 from ‘[01m[Kconst Point[m[K’ to ‘[01m[Kfloat[m[K’
   91 |   explicit ParameterValue([01;36m[Kconst float double_value[m[K);
      |                           [01;36m[K~~~~~~~~~~~~^~~~~~~~~~~~[m[K
[01m[K/opt/ros/foxy/include/rclcpp/parameter_value.hpp:88:12:[m[K [01;36m[Knote: [m[Kcandidate: ‘[01m[Krclcpp::ParameterValue::ParameterValue(int64_t)[m[K’
   88 |   explicit [01;36m[KParameterValue[m[K(const int64_t int_value);
      |            [01;36m[K^~~~~~~~~~~~~~[m[K
[01m[K/opt/ros/foxy/include/rclcpp/parameter_value.hpp:88:41:[m[K [01;36m[Knote: [m[K  no known conversion for argument 1 from ‘[01m[Kconst Point[m[K’ to ‘[01m[Kint64_t[m[K’ {aka ‘[01m[Klong int[m[K’}
   88 |   explicit ParameterValue([01;36m[Kconst int64_t int_value[m[K);
      |                           [01;36m[K~~~~~~~~~~~~~~^~~~~~~~~[m[K
[01m[K/opt/ros/foxy/include/rclcpp/parameter_value.hpp:85:12:[m[K [01;36m[Knote: [m[Kcandidate: ‘[01m[Krclcpp::ParameterValue::ParameterValue(int)[m[K’
   85 |   explicit [01;36m[KParameterValue[m[K(const int int_value);
      |            [01;36m[K^~~~~~~~~~~~~~[m[K
[01m[K/opt/ros/foxy/include/rclcpp/parameter_value.hpp:85:37:[m[K [01;36m[Knote: [m[K  no known conversion for argument 1 from ‘[01m[Kconst Point[m[K’ to ‘[01m[Kint[m[K’
   85 |   explicit ParameterValue([01;36m[Kconst int int_value[m[K);
      |                           [01;36m[K~~~~~~~~~~^~~~~~~~~[m[K
[01m[K/opt/ros/foxy/include/rclcpp/parameter_value.hpp:82:12:[m[K [01;36m[Knote: [m[Kcandidate: ‘[01m[Krclcpp::ParameterValue::ParameterValue(bool)[m[K’
   82 |   explicit [01;36m[KParameterValue[m[K(const bool bool_value);
      |            [01;36m[K^~~~~~~~~~~~~~[m[K
[01m[K/opt/ros/foxy/include/rclcpp/parameter_value.hpp:82:38:[m[K [01;36m[Knote: [m[K  no known conversion for argument 1 from ‘[01m[Kconst Point[m[K’ to ‘[01m[Kbool[m[K’
   82 |   explicit ParameterValue([01;36m[Kconst bool bool_value[m[K);
      |                           [01;36m[K~~~~~~~~~~~^~~~~~~~~~[m[K
[01m[K/opt/ros/foxy/include/rclcpp/parameter_value.hpp:79:12:[m[K [01;36m[Knote: [m[Kcandidate: ‘[01m[Krclcpp::ParameterValue::ParameterValue(const ParameterValue&)[m[K’
   79 |   explicit [01;36m[KParameterValue[m[K(const rcl_interfaces::msg::ParameterValue & value);
      |            [01;36m[K^~~~~~~~~~~~~~[m[K
[01m[K/opt/ros/foxy/include/rclcpp/parameter_value.hpp:79:71:[m[K [01;36m[Knote: [m[K  no known conversion for argument 1 from ‘[01m[Kconst Point[m[K’ to ‘[01m[Kconst ParameterValue&[m[K’ {aka ‘[01m[Kconst rcl_interfaces::msg::ParameterValue_<std::allocator<void> >&[m[K’}
   79 |   explicit ParameterValue([01;36m[Kconst rcl_interfaces::msg::ParameterValue & value[m[K);
      |                           [01;36m[K~~~~~~~~~~~~~~~~~~~~~~~~~~~~~~~~~~~~~~~~~~~~^~~~~[m[K
[01m[K/opt/ros/foxy/include/rclcpp/parameter_value.hpp:76:3:[m[K [01;36m[Knote: [m[Kcandidate: ‘[01m[Krclcpp::ParameterValue::ParameterValue()[m[K’
   76 |   [01;36m[KParameterValue[m[K();
      |   [01;36m[K^~~~~~~~~~~~~~[m[K
[01m[K/opt/ros/foxy/include/rclcpp/parameter_value.hpp:76:3:[m[K [01;36m[Knote: [m[K  candidate expects 0 arguments, 1 provided
[01m[K/opt/ros/foxy/include/rclcpp/parameter_value.hpp:71:7:[m[K [01;36m[Knote: [m[Kcandidate: ‘[01m[Krclcpp::ParameterValue::ParameterValue(const rclcpp::ParameterValue&)[m[K’
   71 | class [01;36m[KParameterValue[m[K
      |       [01;36m[K^~~~~~~~~~~~~~[m[K
[01m[K/opt/ros/foxy/include/rclcpp/parameter_value.hpp:71:7:[m[K [01;36m[Knote: [m[K  no known conversion for argument 1 from ‘[01m[Kconst Point[m[K’ to ‘[01m[Kconst rclcpp::ParameterValue&[m[K’
[01m[K/opt/ros/foxy/include/rclcpp/parameter_value.hpp:71:7:[m[K [01;36m[Knote: [m[Kcandidate: ‘[01m[Krclcpp::ParameterValue::ParameterValue(rclcpp::ParameterValue&&)[m[K’
[01m[K/opt/ros/foxy/include/rclcpp/parameter_value.hpp:71:7:[m[K [01;36m[Knote: [m[K  no known conversion for argument 1 from ‘[01m[Kconst Point[m[K’ to ‘[01m[Krclcpp::ParameterValue&&[m[K’
In file included from [01m[K/opt/ros/foxy/include/rclcpp/node.hpp:1224[m[K,
                 from [01m[K/opt/ros/foxy/include/rclcpp/executors/single_threaded_executor.hpp:28[m[K,
                 from [01m[K/opt/ros/foxy/include/rclcpp/executors.hpp:22[m[K,
                 from [01m[K/opt/ros/foxy/include/rclcpp/rclcpp.hpp:146[m[K,
                 from [01m[K/home/reaper/ros2_ws/src/pathfinder/src/node2_algo_out.cpp:6[m[K:
/opt/ros/foxy/include/rclcpp/node_impl.hpp: In instantiation of ‘[01m[Kauto rclcpp::Node::declare_parameter(const string&, const ParameterT&, const ParameterDescriptor&, bool) [with ParameterT = std::vector<Point>; std::string = std::__cxx11::basic_string<char>; rcl_interfaces::msg::ParameterDescriptor = rcl_interfaces::msg::ParameterDescriptor_<std::allocator<void> >][m[K’:
[01m[K/home/reaper/ros2_ws/src/pathfinder/src/node2_algo_out.cpp:26:68:[m[K   required from here
[01m[K/opt/ros/foxy/include/rclcpp/node_impl.hpp:166:15:[m[K [01;31m[Kerror: [m[Kno matching function for call to ‘[01m[Krclcpp::ParameterValue::ParameterValue(const std::vector<Point>&)[m[K’
  166 |       rclcpp::[01;31m[KParameterValue(default_value)[m[K,
      |               [01;31m[K^~~~~~~~~~~~~~~~~~~~~~~~~~~~~[m[K
In file included from [01m[K/opt/ros/foxy/include/rclcpp/parameter.hpp:26[m[K,
                 from [01m[K/opt/ros/foxy/include/rclcpp/node_interfaces/node_parameters_interface.hpp:28[m[K,
                 from [01m[K/opt/ros/foxy/include/rclcpp/node.hpp:51[m[K,
                 from [01m[K/opt/ros/foxy/include/rclcpp/executors/single_threaded_executor.hpp:28[m[K,
                 from [01m[K/opt/ros/foxy/include/rclcpp/executors.hpp:22[m[K,
                 from [01m[K/opt/ros/foxy/include/rclcpp/rclcpp.hpp:146[m[K,
                 from [01m[K/home/reaper/ros2_ws/src/pathfinder/src/node2_algo_out.cpp:6[m[K:
[01m[K/opt/ros/foxy/include/rclcpp/parameter_value.hpp:121:12:[m[K [01;36m[Knote: [m[Kcandidate: ‘[01m[Krclcpp::ParameterValue::ParameterValue(const std::vector<std::__cxx11::basic_string<char> >&)[m[K’
  121 |   explicit [01;36m[KParameterValue[m[K(const std::vector<std::string> & string_array_value);
      |            [01;36m[K^~~~~~~~~~~~~~[m[K
[01m[K/opt/ros/foxy/include/rclcpp/parameter_value.hpp:121:60:[m[K [01;36m[Knote: [m[K  no known conversion for argument 1 from ‘[01m[Kconst std::vector<Point>[m[K’ to ‘[01m[Kconst std::vector<std::__cxx11::basic_string<char> >&[m[K’
  121 |   explicit ParameterValue([01;36m[Kconst std::vector<std::string> & string_array_value[m[K);
      |                           [01;36m[K~~~~~~~~~~~~~~~~~~~~~~~~~~~~~~~~~^~~~~~~~~~~~~~~~~~[m[K
[01m[K/opt/ros/foxy/include/rclcpp/parameter_value.hpp:118:12:[m[K [01;36m[Knote: [m[Kcandidate: ‘[01m[Krclcpp::ParameterValue::ParameterValue(const std::vector<double, std::allocator<double> >&)[m[K’
  118 |   explicit [01;36m[KParameterValue[m[K(const std::vector<double> & double_array_value);
      |            [01;36m[K^~~~~~~~~~~~~~[m[K
[01m[K/opt/ros/foxy/include/rclcpp/parameter_value.hpp:118:55:[m[K [01;36m[Knote: [m[K  no known conversion for argument 1 from ‘[01m[Kconst std::vector<Point>[m[K’ to ‘[01m[Kconst std::vector<double, std::allocator<double> >&[m[K’
  118 |   explicit ParameterValue([01;36m[Kconst std::vector<double> & double_array_value[m[K);
      |                           [01;36m[K~~~~~~~~~~~~~~~~~~~~~~~~~~~~^~~~~~~~~~~~~~~~~~[m[K
[01m[K/opt/ros/foxy/include/rclcpp/parameter_value.hpp:115:12:[m[K [01;36m[Knote: [m[Kcandidate: ‘[01m[Krclcpp::ParameterValue::ParameterValue(const std::vector<float>&)[m[K’
  115 |   explicit [01;36m[KParameterValue[m[K(const std::vector<float> & double_array_value);
      |            [01;36m[K^~~~~~~~~~~~~~[m[K
[01m[K/opt/ros/foxy/include/rclcpp/parameter_value.hpp:115:54:[m[K [01;36m[Knote: [m[K  no known conversion for argument 1 from ‘[01m[Kconst std::vector<Point>[m[K’ to ‘[01m[Kconst std::vector<float>&[m[K’
  115 |   explicit ParameterValue([01;36m[Kconst std::vector<float> & double_array_value[m[K);
      |                           [01;36m[K~~~~~~~~~~~~~~~~~~~~~~~~~~~^~~~~~~~~~~~~~~~~~[m[K
[01m[K/opt/ros/foxy/include/rclcpp/parameter_value.hpp:112:12:[m[K [01;36m[Knote: [m[Kcandidate: ‘[01m[Krclcpp::ParameterValue::ParameterValue(const std::vector<long int, std::allocator<long int> >&)[m[K’
  112 |   explicit [01;36m[KParameterValue[m[K(const std::vector<int64_t> & int_array_value);
      |            [01;36m[K^~~~~~~~~~~~~~[m[K
[01m[K/opt/ros/foxy/include/rclcpp/parameter_value.hpp:112:56:[m[K [01;36m[Knote: [m[K  no known conversion for argument 1 from ‘[01m[Kconst std::vector<Point>[m[K’ to ‘[01m[Kconst std::vector<long int, std::allocator<long int> >&[m[K’
  112 |   explicit ParameterValue([01;36m[Kconst std::vector<int64_t> & int_array_value[m[K);
      |                           [01;36m[K~~~~~~~~~~~~~~~~~~~~~~~~~~~~~^~~~~~~~~~~~~~~[m[K
[01m[K/opt/ros/foxy/include/rclcpp/parameter_value.hpp:109:12:[m[K [01;36m[Knote: [m[Kcandidate: ‘[01m[Krclcpp::ParameterValue::ParameterValue(const std::vector<int>&)[m[K’
  109 |   explicit [01;36m[KParameterValue[m[K(const std::vector<int> & int_array_value);
      |            [01;36m[K^~~~~~~~~~~~~~[m[K
[01m[K/opt/ros/foxy/include/rclcpp/parameter_value.hpp:109:52:[m[K [01;36m[Knote: [m[K  no known conversion for argument 1 from ‘[01m[Kconst std::vector<Point>[m[K’ to ‘[01m[Kconst std::vector<int>&[m[K’
  109 |   explicit ParameterValue([01;36m[Kconst std::vector<int> & int_array_value[m[K);
      |                           [01;36m[K~~~~~~~~~~~~~~~~~~~~~~~~~^~~~~~~~~~~~~~~[m[K
[01m[K/opt/ros/foxy/include/rclcpp/parameter_value.hpp:106:12:[m[K [01;36m[Knote: [m[Kcandidate: ‘[01m[Krclcpp::ParameterValue::ParameterValue(const std::vector<bool, std::allocator<bool> >&)[m[K’
  106 |   explicit [01;36m[KParameterValue[m[K(const std::vector<bool> & bool_array_value);
      |            [01;36m[K^~~~~~~~~~~~~~[m[K
[01m[K/opt/ros/foxy/include/rclcpp/parameter_value.hpp:106:53:[m[K [01;36m[Knote: [m[K  no known conversion for argument 1 from ‘[01m[Kconst std::vector<Point>[m[K’ to ‘[01m[Kconst std::vector<bool, std::allocator<bool> >&[m[K’
  106 |   explicit ParameterValue([01;36m[Kconst std::vector<bool> & bool_array_value[m[K);
      |                           [01;36m[K~~~~~~~~~~~~~~~~~~~~~~~~~~^~~~~~~~~~~~~~~~[m[K
[01m[K/opt/ros/foxy/include/rclcpp/parameter_value.hpp:103:12:[m[K [01;36m[Knote: [m[Kcandidate: ‘[01m[Krclcpp::ParameterValue::ParameterValue(const std::vector<unsigned char, std::allocator<unsigned char> >&)[m[K’
  103 |   explicit [01;36m[KParameterValue[m[K(const std::vector<uint8_t> & byte_array_value);
      |            [01;36m[K^~~~~~~~~~~~~~[m[K
[01m[K/opt/ros/foxy/include/rclcpp/parameter_value.hpp:103:56:[m[K [01;36m[Knote: [m[K  no known conversion for argument 1 from ‘[01m[Kconst std::vector<Point>[m[K’ to ‘[01m[Kconst std::vector<unsigned char, std::allocator<unsigned char> >&[m[K’
  103 |   explicit ParameterValue([01;36m[Kconst std::vector<uint8_t> & byte_array_value[m[K);
      |                           [01;36m[K~~~~~~~~~~~~~~~~~~~~~~~~~~~~~^~~~~~~~~~~~~~~~[m[K
[01m[K/opt/ros/foxy/include/rclcpp/parameter_value.hpp:100:12:[m[K [01;36m[Knote: [m[Kcandidate: ‘[01m[Krclcpp::ParameterValue::ParameterValue(const char*)[m[K’
  100 |   explicit [01;36m[KParameterValue[m[K(const char * string_value);
      |            [01;36m[K^~~~~~~~~~~~~~[m[K
[01m[K/opt/ros/foxy/include/rclcpp/parameter_value.hpp:100:40:[m[K [01;36m[Knote: [m[K  no known conversion for argument 1 from ‘[01m[Kconst std::vector<Point>[m[K’ to ‘[01m[Kconst char*[m[K’
  100 |   explicit ParameterValue([01;36m[Kconst char * string_value[m[K);
      |                           [01;36m[K~~~~~~~~~~~~~^~~~~~~~~~~~[m[K
[01m[K/opt/ros/foxy/include/rclcpp/parameter_value.hpp:97:12:[m[K [01;36m[Knote: [m[Kcandidate: ‘[01m[Krclcpp::ParameterValue::ParameterValue(const string&)[m[K’
   97 |   explicit [01;36m[KParameterValue[m[K(const std::string & string_value);
      |            [01;36m[K^~~~~~~~~~~~~~[m[K
[01m[K/opt/ros/foxy/include/rclcpp/parameter_value.hpp:97:47:[m[K [01;36m[Knote: [m[K  no known conversion for argument 1 from ‘[01m[Kconst std::vector<Point>[m[K’ to ‘[01m[Kconst string&[m[K’ {aka ‘[01m[Kconst std::__cxx11::basic_string<char>&[m[K’}
   97 |   explicit ParameterValue([01;36m[Kconst std::string & string_value[m[K);
      |                           [01;36m[K~~~~~~~~~~~~~~~~~~~~^~~~~~~~~~~~[m[K
[01m[K/opt/ros/foxy/include/rclcpp/parameter_value.hpp:94:12:[m[K [01;36m[Knote: [m[Kcandidate: ‘[01m[Krclcpp::ParameterValue::ParameterValue(double)[m[K’
   94 |   explicit [01;36m[KParameterValue[m[K(const double double_value);
      |            [01;36m[K^~~~~~~~~~~~~~[m[K
[01m[K/opt/ros/foxy/include/rclcpp/parameter_value.hpp:94:40:[m[K [01;36m[Knote: [m[K  no known conversion for argument 1 from ‘[01m[Kconst std::vector<Point>[m[K’ to ‘[01m[Kdouble[m[K’
   94 |   explicit ParameterValue([01;36m[Kconst double double_value[m[K);
      |                           [01;36m[K~~~~~~~~~~~~~^~~~~~~~~~~~[m[K
[01m[K/opt/ros/foxy/include/rclcpp/parameter_value.hpp:91:12:[m[K [01;36m[Knote: [m[Kcandidate: ‘[01m[Krclcpp::ParameterValue::ParameterValue(float)[m[K’
   91 |   explicit [01;36m[KParameterValue[m[K(const float double_value);
      |            [01;36m[K^~~~~~~~~~~~~~[m[K
[01m[K/opt/ros/foxy/include/rclcpp/parameter_value.hpp:91:39:[m[K [01;36m[Knote: [m[K  no known conversion for argument 1 from ‘[01m[Kconst std::vector<Point>[m[K’ to ‘[01m[Kfloat[m[K’
   91 |   explicit ParameterValue([01;36m[Kconst float double_value[m[K);
      |                           [01;36m[K~~~~~~~~~~~~^~~~~~~~~~~~[m[K
[01m[K/opt/ros/foxy/include/rclcpp/parameter_value.hpp:88:12:[m[K [01;36m[Knote: [m[Kcandidate: ‘[01m[Krclcpp::ParameterValue::ParameterValue(int64_t)[m[K’
   88 |   explicit [01;36m[KParameterValue[m[K(const int64_t int_value);
      |            [01;36m[K^~~~~~~~~~~~~~[m[K
[01m[K/opt/ros/foxy/include/rclcpp/parameter_value.hpp:88:41:[m[K [01;36m[Knote: [m[K  no known conversion for argument 1 from ‘[01m[Kconst std::vector<Point>[m[K’ to ‘[01m[Kint64_t[m[K’ {aka ‘[01m[Klong int[m[K’}
   88 |   explicit ParameterValue([01;36m[Kconst int64_t int_value[m[K);
      |                           [01;36m[K~~~~~~~~~~~~~~^~~~~~~~~[m[K
[01m[K/opt/ros/foxy/include/rclcpp/parameter_value.hpp:85:12:[m[K [01;36m[Knote: [m[Kcandidate: ‘[01m[Krclcpp::ParameterValue::ParameterValue(int)[m[K’
   85 |   explicit [01;36m[KParameterValue[m[K(const int int_value);
      |            [01;36m[K^~~~~~~~~~~~~~[m[K
[01m[K/opt/ros/foxy/include/rclcpp/parameter_value.hpp:85:37:[m[K [01;36m[Knote: [m[K  no known conversion for argument 1 from ‘[01m[Kconst std::vector<Point>[m[K’ to ‘[01m[Kint[m[K’
   85 |   explicit ParameterValue([01;36m[Kconst int int_value[m[K);
      |                           [01;36m[K~~~~~~~~~~^~~~~~~~~[m[K
[01m[K/opt/ros/foxy/include/rclcpp/parameter_value.hpp:82:12:[m[K [01;36m[Knote: [m[Kcandidate: ‘[01m[Krclcpp::ParameterValue::ParameterValue(bool)[m[K’
   82 |   explicit [01;36m[KParameterValue[m[K(const bool bool_value);
      |            [01;36m[K^~~~~~~~~~~~~~[m[K
[01m[K/opt/ros/foxy/include/rclcpp/parameter_value.hpp:82:38:[m[K [01;36m[Knote: [m[K  no known conversion for argument 1 from ‘[01m[Kconst std::vector<Point>[m[K’ to ‘[01m[Kbool[m[K’
   82 |   explicit ParameterValue([01;36m[Kconst bool bool_value[m[K);
      |                           [01;36m[K~~~~~~~~~~~^~~~~~~~~~[m[K
[01m[K/opt/ros/foxy/include/rclcpp/parameter_value.hpp:79:12:[m[K [01;36m[Knote: [m[Kcandidate: ‘[01m[Krclcpp::ParameterValue::ParameterValue(const ParameterValue&)[m[K’
   79 |   explicit [01;36m[KParameterValue[m[K(const rcl_interfaces::msg::ParameterValue & value);
      |            [01;36m[K^~~~~~~~~~~~~~[m[K
[01m[K/opt/ros/foxy/include/rclcpp/parameter_value.hpp:79:71:[m[K [01;36m[Knote: [m[K  no known conversion for argument 1 from ‘[01m[Kconst std::vector<Point>[m[K’ to ‘[01m[Kconst ParameterValue&[m[K’ {aka ‘[01m[Kconst rcl_interfaces::msg::ParameterValue_<std::allocator<void> >&[m[K’}
   79 |   explicit ParameterValue([01;36m[Kconst rcl_interfaces::msg::ParameterValue & value[m[K);
      |                           [01;36m[K~~~~~~~~~~~~~~~~~~~~~~~~~~~~~~~~~~~~~~~~~~~~^~~~~[m[K
[01m[K/opt/ros/foxy/include/rclcpp/parameter_value.hpp:76:3:[m[K [01;36m[Knote: [m[Kcandidate: ‘[01m[Krclcpp::ParameterValue::ParameterValue()[m[K’
   76 |   [01;36m[KParameterValue[m[K();
      |   [01;36m[K^~~~~~~~~~~~~~[m[K
[01m[K/opt/ros/foxy/include/rclcpp/parameter_value.hpp:76:3:[m[K [01;36m[Knote: [m[K  candidate expects 0 arguments, 1 provided
[01m[K/opt/ros/foxy/include/rclcpp/parameter_value.hpp:71:7:[m[K [01;36m[Knote: [m[Kcandidate: ‘[01m[Krclcpp::ParameterValue::ParameterValue(const rclcpp::ParameterValue&)[m[K’
   71 | class [01;36m[KParameterValue[m[K
      |       [01;36m[K^~~~~~~~~~~~~~[m[K
[01m[K/opt/ros/foxy/include/rclcpp/parameter_value.hpp:71:7:[m[K [01;36m[Knote: [m[K  no known conversion for argument 1 from ‘[01m[Kconst std::vector<Point>[m[K’ to ‘[01m[Kconst rclcpp::ParameterValue&[m[K’
[01m[K/opt/ros/foxy/include/rclcpp/parameter_value.hpp:71:7:[m[K [01;36m[Knote: [m[Kcandidate: ‘[01m[Krclcpp::ParameterValue::ParameterValue(rclcpp::ParameterValue&&)[m[K’
[01m[K/opt/ros/foxy/include/rclcpp/parameter_value.hpp:71:7:[m[K [01;36m[Knote: [m[K  no known conversion for argument 1 from ‘[01m[Kconst std::vector<Point>[m[K’ to ‘[01m[Krclcpp::ParameterValue&&[m[K’
[01m[K/home/reaper/ros2_ws/src/pathfinder/src/node2_algo_out.cpp:[m[K In member function ‘[01m[Kvoid FieldCreatorNode::create_field()[m[K’:
[01m[K/home/reaper/ros2_ws/src/pathfinder/src/node2_algo_out.cpp:72:50:[m[K [01;31m[Kerror: [m[Kconversion from ‘[01m[Kint64_t[m[K’ {aka ‘[01m[Klong int[m[K’} to non-scalar type ‘[01m[KPoint[m[K’ requested
   72 |         Point S = [01;31m[Kthis->get_parameter("S").as_int()[m[K;
      |                   [01;31m[K~~~~~~~~~~~~~~~~~~~~~~~~~~~~~~~^~[m[K
[01m[K/home/reaper/ros2_ws/src/pathfinder/src/node2_algo_out.cpp:73:50:[m[K [01;31m[Kerror: [m[Kconversion from ‘[01m[Kint64_t[m[K’ {aka ‘[01m[Klong int[m[K’} to non-scalar type ‘[01m[KPoint[m[K’ requested
   73 |         Point F = [01;31m[Kthis->get_parameter("F").as_int()[m[K;
      |                   [01;31m[K~~~~~~~~~~~~~~~~~~~~~~~~~~~~~~~^~[m[K
[01m[K/home/reaper/ros2_ws/src/pathfinder/src/node2_algo_out.cpp:75:73:[m[K [01;31m[Kerror: [m[K‘[01m[Kclass rclcpp::Parameter[m[K’ has no member named ‘[01m[Kas_vector[m[K’
   75 |         std::vector<Point> obstacles = this->get_parameter("obstacles").[01;31m[Kas_vector[m[K<Point>();
      |                                                                         [01;31m[K^~~~~~~~~[m[K
[01m[K/home/reaper/ros2_ws/src/pathfinder/src/node2_algo_out.cpp:75:88:[m[K [01;31m[Kerror: [m[Kexpected primary-expression before ‘[01m[K>[m[K’ token
   75 |         std::vector<Point> obstacles = this->get_parameter("obstacles").as_vector<Point[01;31m[K>[m[K();
      |                                                                                        [01;31m[K^[m[K
[01m[K/home/reaper/ros2_ws/src/pathfinder/src/node2_algo_out.cpp:75:90:[m[K [01;31m[Kerror: [m[Kexpected primary-expression before ‘[01m[K)[m[K’ token
   75 |         std::vector<Point> obstacles = this->get_parameter("obstacles").as_vector<Point>([01;31m[K)[m[K;
      |                                                                                          [01;31m[K^[m[K
[01m[K/home/reaper/ros2_ws/src/pathfinder/src/node2_algo_out.cpp:74:13:[m[K [01;35m[Kwarning: [m[Kunused variable ‘[01m[Kp[m[K’ [[01;35m[K-Wunused-variable[m[K]
   74 |         int [01;35m[Kp[m[K = this->get_parameter("p").as_int();
      |             [01;35m[K^[m[K
In file included from [01m[K/opt/ros/foxy/include/rclcpp/node_interfaces/node_parameters_interface.hpp:28[m[K,
                 from [01m[K/opt/ros/foxy/include/rclcpp/node.hpp:51[m[K,
                 from [01m[K/opt/ros/foxy/include/rclcpp/executors/single_threaded_executor.hpp:28[m[K,
                 from [01m[K/opt/ros/foxy/include/rclcpp/executors.hpp:22[m[K,
                 from [01m[K/opt/ros/foxy/include/rclcpp/rclcpp.hpp:146[m[K,
                 from [01m[K/home/reaper/ros2_ws/src/pathfinder/src/node2_algo_out.cpp:6[m[K:
/opt/ros/foxy/include/rclcpp/parameter.hpp: In instantiation of ‘[01m[Krclcpp::Parameter::Parameter(const string&, ValueTypeT) [with ValueTypeT = Point; std::string = std::__cxx11::basic_string<char>][m[K’:
[01m[K/home/reaper/ros2_ws/src/pathfinder/src/node2_algo_out.cpp:62:53:[m[K   required from here
[01m[K/opt/ros/foxy/include/rclcpp/parameter.hpp:70:21:[m[K [01;31m[Kerror: [m[Kno matching function for call to ‘[01m[Krclcpp::ParameterValue::ParameterValue(Point&)[m[K’
   70 |   : Parameter(name, [01;31m[KParameterValue(value)[m[K)
      |                     [01;31m[K^~~~~~~~~~~~~~~~~~~~~[m[K
In file included from [01m[K/opt/ros/foxy/include/rclcpp/parameter.hpp:26[m[K,
                 from [01m[K/opt/ros/foxy/include/rclcpp/node_interfaces/node_parameters_interface.hpp:28[m[K,
                 from [01m[K/opt/ros/foxy/include/rclcpp/node.hpp:51[m[K,
                 from [01m[K/opt/ros/foxy/include/rclcpp/executors/single_threaded_executor.hpp:28[m[K,
                 from [01m[K/opt/ros/foxy/include/rclcpp/executors.hpp:22[m[K,
                 from [01m[K/opt/ros/foxy/include/rclcpp/rclcpp.hpp:146[m[K,
                 from [01m[K/home/reaper/ros2_ws/src/pathfinder/src/node2_algo_out.cpp:6[m[K:
[01m[K/opt/ros/foxy/include/rclcpp/parameter_value.hpp:121:12:[m[K [01;36m[Knote: [m[Kcandidate: ‘[01m[Krclcpp::ParameterValue::ParameterValue(const std::vector<std::__cxx11::basic_string<char> >&)[m[K’
  121 |   explicit [01;36m[KParameterValue[m[K(const std::vector<std::string> & string_array_value);
      |            [01;36m[K^~~~~~~~~~~~~~[m[K
[01m[K/opt/ros/foxy/include/rclcpp/parameter_value.hpp:121:60:[m[K [01;36m[Knote: [m[K  no known conversion for argument 1 from ‘[01m[KPoint[m[K’ to ‘[01m[Kconst std::vector<std::__cxx11::basic_string<char> >&[m[K’
  121 |   explicit ParameterValue([01;36m[Kconst std::vector<std::string> & string_array_value[m[K);
      |                           [01;36m[K~~~~~~~~~~~~~~~~~~~~~~~~~~~~~~~~~^~~~~~~~~~~~~~~~~~[m[K
[01m[K/opt/ros/foxy/include/rclcpp/parameter_value.hpp:118:12:[m[K [01;36m[Knote: [m[Kcandidate: ‘[01m[Krclcpp::ParameterValue::ParameterValue(const std::vector<double, std::allocator<double> >&)[m[K’
  118 |   explicit [01;36m[KParameterValue[m[K(const std::vector<double> & double_array_value);
      |            [01;36m[K^~~~~~~~~~~~~~[m[K
[01m[K/opt/ros/foxy/include/rclcpp/parameter_value.hpp:118:55:[m[K [01;36m[Knote: [m[K  no known conversion for argument 1 from ‘[01m[KPoint[m[K’ to ‘[01m[Kconst std::vector<double, std::allocator<double> >&[m[K’
  118 |   explicit ParameterValue([01;36m[Kconst std::vector<double> & double_array_value[m[K);
      |                           [01;36m[K~~~~~~~~~~~~~~~~~~~~~~~~~~~~^~~~~~~~~~~~~~~~~~[m[K
[01m[K/opt/ros/foxy/include/rclcpp/parameter_value.hpp:115:12:[m[K [01;36m[Knote: [m[Kcandidate: ‘[01m[Krclcpp::ParameterValue::ParameterValue(const std::vector<float>&)[m[K’
  115 |   explicit [01;36m[KParameterValue[m[K(const std::vector<float> & double_array_value);
      |            [01;36m[K^~~~~~~~~~~~~~[m[K
[01m[K/opt/ros/foxy/include/rclcpp/parameter_value.hpp:115:54:[m[K [01;36m[Knote: [m[K  no known conversion for argument 1 from ‘[01m[KPoint[m[K’ to ‘[01m[Kconst std::vector<float>&[m[K’
  115 |   explicit ParameterValue([01;36m[Kconst std::vector<float> & double_array_value[m[K);
      |                           [01;36m[K~~~~~~~~~~~~~~~~~~~~~~~~~~~^~~~~~~~~~~~~~~~~~[m[K
[01m[K/opt/ros/foxy/include/rclcpp/parameter_value.hpp:112:12:[m[K [01;36m[Knote: [m[Kcandidate: ‘[01m[Krclcpp::ParameterValue::ParameterValue(const std::vector<long int, std::allocator<long int> >&)[m[K’
  112 |   explicit [01;36m[KParameterValue[m[K(const std::vector<int64_t> & int_array_value);
      |            [01;36m[K^~~~~~~~~~~~~~[m[K
[01m[K/opt/ros/foxy/include/rclcpp/parameter_value.hpp:112:56:[m[K [01;36m[Knote: [m[K  no known conversion for argument 1 from ‘[01m[KPoint[m[K’ to ‘[01m[Kconst std::vector<long int, std::allocator<long int> >&[m[K’
  112 |   explicit ParameterValue([01;36m[Kconst std::vector<int64_t> & int_array_value[m[K);
      |                           [01;36m[K~~~~~~~~~~~~~~~~~~~~~~~~~~~~~^~~~~~~~~~~~~~~[m[K
[01m[K/opt/ros/foxy/include/rclcpp/parameter_value.hpp:109:12:[m[K [01;36m[Knote: [m[Kcandidate: ‘[01m[Krclcpp::ParameterValue::ParameterValue(const std::vector<int>&)[m[K’
  109 |   explicit [01;36m[KParameterValue[m[K(const std::vector<int> & int_array_value);
      |            [01;36m[K^~~~~~~~~~~~~~[m[K
[01m[K/opt/ros/foxy/include/rclcpp/parameter_value.hpp:109:52:[m[K [01;36m[Knote: [m[K  no known conversion for argument 1 from ‘[01m[KPoint[m[K’ to ‘[01m[Kconst std::vector<int>&[m[K’
  109 |   explicit ParameterValue([01;36m[Kconst std::vector<int> & int_array_value[m[K);
      |                           [01;36m[K~~~~~~~~~~~~~~~~~~~~~~~~~^~~~~~~~~~~~~~~[m[K
[01m[K/opt/ros/foxy/include/rclcpp/parameter_value.hpp:106:12:[m[K [01;36m[Knote: [m[Kcandidate: ‘[01m[Krclcpp::ParameterValue::ParameterValue(const std::vector<bool, std::allocator<bool> >&)[m[K’
  106 |   explicit [01;36m[KParameterValue[m[K(const std::vector<bool> & bool_array_value);
      |            [01;36m[K^~~~~~~~~~~~~~[m[K
[01m[K/opt/ros/foxy/include/rclcpp/parameter_value.hpp:106:53:[m[K [01;36m[Knote: [m[K  no known conversion for argument 1 from ‘[01m[KPoint[m[K’ to ‘[01m[Kconst std::vector<bool, std::allocator<bool> >&[m[K’
  106 |   explicit ParameterValue([01;36m[Kconst std::vector<bool> & bool_array_value[m[K);
      |                           [01;36m[K~~~~~~~~~~~~~~~~~~~~~~~~~~^~~~~~~~~~~~~~~~[m[K
[01m[K/opt/ros/foxy/include/rclcpp/parameter_value.hpp:103:12:[m[K [01;36m[Knote: [m[Kcandidate: ‘[01m[Krclcpp::ParameterValue::ParameterValue(const std::vector<unsigned char, std::allocator<unsigned char> >&)[m[K’
  103 |   explicit [01;36m[KParameterValue[m[K(const std::vector<uint8_t> & byte_array_value);
      |            [01;36m[K^~~~~~~~~~~~~~[m[K
[01m[K/opt/ros/foxy/include/rclcpp/parameter_value.hpp:103:56:[m[K [01;36m[Knote: [m[K  no known conversion for argument 1 from ‘[01m[KPoint[m[K’ to ‘[01m[Kconst std::vector<unsigned char, std::allocator<unsigned char> >&[m[K’
  103 |   explicit ParameterValue([01;36m[Kconst std::vector<uint8_t> & byte_array_value[m[K);
      |                           [01;36m[K~~~~~~~~~~~~~~~~~~~~~~~~~~~~~^~~~~~~~~~~~~~~~[m[K
[01m[K/opt/ros/foxy/include/rclcpp/parameter_value.hpp:100:12:[m[K [01;36m[Knote: [m[Kcandidate: ‘[01m[Krclcpp::ParameterValue::ParameterValue(const char*)[m[K’
  100 |   explicit [01;36m[KParameterValue[m[K(const char * string_value);
      |            [01;36m[K^~~~~~~~~~~~~~[m[K
[01m[K/opt/ros/foxy/include/rclcpp/parameter_value.hpp:100:40:[m[K [01;36m[Knote: [m[K  no known conversion for argument 1 from ‘[01m[KPoint[m[K’ to ‘[01m[Kconst char*[m[K’
  100 |   explicit ParameterValue([01;36m[Kconst char * string_value[m[K);
      |                           [01;36m[K~~~~~~~~~~~~~^~~~~~~~~~~~[m[K
[01m[K/opt/ros/foxy/include/rclcpp/parameter_value.hpp:97:12:[m[K [01;36m[Knote: [m[Kcandidate: ‘[01m[Krclcpp::ParameterValue::ParameterValue(const string&)[m[K’
   97 |   explicit [01;36m[KParameterValue[m[K(const std::string & string_value);
      |            [01;36m[K^~~~~~~~~~~~~~[m[K
[01m[K/opt/ros/foxy/include/rclcpp/parameter_value.hpp:97:47:[m[K [01;36m[Knote: [m[K  no known conversion for argument 1 from ‘[01m[KPoint[m[K’ to ‘[01m[Kconst string&[m[K’ {aka ‘[01m[Kconst std::__cxx11::basic_string<char>&[m[K’}
   97 |   explicit ParameterValue([01;36m[Kconst std::string & string_value[m[K);
      |                           [01;36m[K~~~~~~~~~~~~~~~~~~~~^~~~~~~~~~~~[m[K
[01m[K/opt/ros/foxy/include/rclcpp/parameter_value.hpp:94:12:[m[K [01;36m[Knote: [m[Kcandidate: ‘[01m[Krclcpp::ParameterValue::ParameterValue(double)[m[K’
   94 |   explicit [01;36m[KParameterValue[m[K(const double double_value);
      |            [01;36m[K^~~~~~~~~~~~~~[m[K
[01m[K/opt/ros/foxy/include/rclcpp/parameter_value.hpp:94:40:[m[K [01;36m[Knote: [m[K  no known conversion for argument 1 from ‘[01m[KPoint[m[K’ to ‘[01m[Kdouble[m[K’
   94 |   explicit ParameterValue([01;36m[Kconst double double_value[m[K);
      |                           [01;36m[K~~~~~~~~~~~~~^~~~~~~~~~~~[m[K
[01m[K/opt/ros/foxy/include/rclcpp/parameter_value.hpp:91:12:[m[K [01;36m[Knote: [m[Kcandidate: ‘[01m[Krclcpp::ParameterValue::ParameterValue(float)[m[K’
   91 |   explicit [01;36m[KParameterValue[m[K(const float double_value);
      |            [01;36m[K^~~~~~~~~~~~~~[m[K
[01m[K/opt/ros/foxy/include/rclcpp/parameter_value.hpp:91:39:[m[K [01;36m[Knote: [m[K  no known conversion for argument 1 from ‘[01m[KPoint[m[K’ to ‘[01m[Kfloat[m[K’
   91 |   explicit ParameterValue([01;36m[Kconst float double_value[m[K);
      |                           [01;36m[K~~~~~~~~~~~~^~~~~~~~~~~~[m[K
[01m[K/opt/ros/foxy/include/rclcpp/parameter_value.hpp:88:12:[m[K [01;36m[Knote: [m[Kcandidate: ‘[01m[Krclcpp::ParameterValue::ParameterValue(int64_t)[m[K’
   88 |   explicit [01;36m[KParameterValue[m[K(const int64_t int_value);
      |            [01;36m[K^~~~~~~~~~~~~~[m[K
[01m[K/opt/ros/foxy/include/rclcpp/parameter_value.hpp:88:41:[m[K [01;36m[Knote: [m[K  no known conversion for argument 1 from ‘[01m[KPoint[m[K’ to ‘[01m[Kint64_t[m[K’ {aka ‘[01m[Klong int[m[K’}
   88 |   explicit ParameterValue([01;36m[Kconst int64_t int_value[m[K);
      |                           [01;36m[K~~~~~~~~~~~~~~^~~~~~~~~[m[K
[01m[K/opt/ros/foxy/include/rclcpp/parameter_value.hpp:85:12:[m[K [01;36m[Knote: [m[Kcandidate: ‘[01m[Krclcpp::ParameterValue::ParameterValue(int)[m[K’
   85 |   explicit [01;36m[KParameterValue[m[K(const int int_value);
      |            [01;36m[K^~~~~~~~~~~~~~[m[K
[01m[K/opt/ros/foxy/include/rclcpp/parameter_value.hpp:85:37:[m[K [01;36m[Knote: [m[K  no known conversion for argument 1 from ‘[01m[KPoint[m[K’ to ‘[01m[Kint[m[K’
   85 |   explicit ParameterValue([01;36m[Kconst int int_value[m[K);
      |                           [01;36m[K~~~~~~~~~~^~~~~~~~~[m[K
[01m[K/opt/ros/foxy/include/rclcpp/parameter_value.hpp:82:12:[m[K [01;36m[Knote: [m[Kcandidate: ‘[01m[Krclcpp::ParameterValue::ParameterValue(bool)[m[K’
   82 |   explicit [01;36m[KParameterValue[m[K(const bool bool_value);
      |            [01;36m[K^~~~~~~~~~~~~~[m[K
[01m[K/opt/ros/foxy/include/rclcpp/parameter_value.hpp:82:38:[m[K [01;36m[Knote: [m[K  no known conversion for argument 1 from ‘[01m[KPoint[m[K’ to ‘[01m[Kbool[m[K’
   82 |   explicit ParameterValue([01;36m[Kconst bool bool_value[m[K);
      |                           [01;36m[K~~~~~~~~~~~^~~~~~~~~~[m[K
[01m[K/opt/ros/foxy/include/rclcpp/parameter_value.hpp:79:12:[m[K [01;36m[Knote: [m[Kcandidate: ‘[01m[Krclcpp::ParameterValue::ParameterValue(const ParameterValue&)[m[K’
   79 |   explicit [01;36m[KParameterValue[m[K(const rcl_interfaces::msg::ParameterValue & value);
      |            [01;36m[K^~~~~~~~~~~~~~[m[K
[01m[K/opt/ros/foxy/include/rclcpp/parameter_value.hpp:79:71:[m[K [01;36m[Knote: [m[K  no known conversion for argument 1 from ‘[01m[KPoint[m[K’ to ‘[01m[Kconst ParameterValue&[m[K’ {aka ‘[01m[Kconst rcl_interfaces::msg::ParameterValue_<std::allocator<void> >&[m[K’}
   79 |   explicit ParameterValue([01;36m[Kconst rcl_interfaces::msg::ParameterValue & value[m[K);
      |                           [01;36m[K~~~~~~~~~~~~~~~~~~~~~~~~~~~~~~~~~~~~~~~~~~~~^~~~~[m[K
[01m[K/opt/ros/foxy/include/rclcpp/parameter_value.hpp:76:3:[m[K [01;36m[Knote: [m[Kcandidate: ‘[01m[Krclcpp::ParameterValue::ParameterValue()[m[K’
   76 |   [01;36m[KParameterValue[m[K();
      |   [01;36m[K^~~~~~~~~~~~~~[m[K
[01m[K/opt/ros/foxy/include/rclcpp/parameter_value.hpp:76:3:[m[K [01;36m[Knote: [m[K  candidate expects 0 arguments, 1 provided
[01m[K/opt/ros/foxy/include/rclcpp/parameter_value.hpp:71:7:[m[K [01;36m[Knote: [m[Kcandidate: ‘[01m[Krclcpp::ParameterValue::ParameterValue(const rclcpp::ParameterValue&)[m[K’
   71 | class [01;36m[KParameterValue[m[K
      |       [01;36m[K^~~~~~~~~~~~~~[m[K
[01m[K/opt/ros/foxy/include/rclcpp/parameter_value.hpp:71:7:[m[K [01;36m[Knote: [m[K  no known conversion for argument 1 from ‘[01m[KPoint[m[K’ to ‘[01m[Kconst rclcpp::ParameterValue&[m[K’
[01m[K/opt/ros/foxy/include/rclcpp/parameter_value.hpp:71:7:[m[K [01;36m[Knote: [m[Kcandidate: ‘[01m[Krclcpp::ParameterValue::ParameterValue(rclcpp::ParameterValue&&)[m[K’
[01m[K/opt/ros/foxy/include/rclcpp/parameter_value.hpp:71:7:[m[K [01;36m[Knote: [m[K  no known conversion for argument 1 from ‘[01m[KPoint[m[K’ to ‘[01m[Krclcpp::ParameterValue&&[m[K’
In file included from [01m[K/opt/ros/foxy/include/rclcpp/node_interfaces/node_parameters_interface.hpp:28[m[K,
                 from [01m[K/opt/ros/foxy/include/rclcpp/node.hpp:51[m[K,
                 from [01m[K/opt/ros/foxy/include/rclcpp/executors/single_threaded_executor.hpp:28[m[K,
                 from [01m[K/opt/ros/foxy/include/rclcpp/executors.hpp:22[m[K,
                 from [01m[K/opt/ros/foxy/include/rclcpp/rclcpp.hpp:146[m[K,
                 from [01m[K/home/reaper/ros2_ws/src/pathfinder/src/node2_algo_out.cpp:6[m[K:
/opt/ros/foxy/include/rclcpp/parameter.hpp: In instantiation of ‘[01m[Krclcpp::Parameter::Parameter(const string&, ValueTypeT) [with ValueTypeT = std::vector<Point>; std::string = std::__cxx11::basic_string<char>][m[K’:
[01m[K/home/reaper/ros2_ws/src/pathfinder/src/node2_algo_out.cpp:65:69:[m[K   required from here
[01m[K/opt/ros/foxy/include/rclcpp/parameter.hpp:70:21:[m[K [01;31m[Kerror: [m[Kno matching function for call to ‘[01m[Krclcpp::ParameterValue::ParameterValue(std::vector<Point>&)[m[K’
   70 |   : Parameter(name, [01;31m[KParameterValue(value)[m[K)
      |                     [01;31m[K^~~~~~~~~~~~~~~~~~~~~[m[K
In file included from [01m[K/opt/ros/foxy/include/rclcpp/parameter.hpp:26[m[K,
                 from [01m[K/opt/ros/foxy/include/rclcpp/node_interfaces/node_parameters_interface.hpp:28[m[K,
                 from [01m[K/opt/ros/foxy/include/rclcpp/node.hpp:51[m[K,
                 from [01m[K/opt/ros/foxy/include/rclcpp/executors/single_threaded_executor.hpp:28[m[K,
                 from [01m[K/opt/ros/foxy/include/rclcpp/executors.hpp:22[m[K,
                 from [01m[K/opt/ros/foxy/include/rclcpp/rclcpp.hpp:146[m[K,
                 from [01m[K/home/reaper/ros2_ws/src/pathfinder/src/node2_algo_out.cpp:6[m[K:
[01m[K/opt/ros/foxy/include/rclcpp/parameter_value.hpp:121:12:[m[K [01;36m[Knote: [m[Kcandidate: ‘[01m[Krclcpp::ParameterValue::ParameterValue(const std::vector<std::__cxx11::basic_string<char> >&)[m[K’
  121 |   explicit [01;36m[KParameterValue[m[K(const std::vector<std::string> & string_array_value);
      |            [01;36m[K^~~~~~~~~~~~~~[m[K
[01m[K/opt/ros/foxy/include/rclcpp/parameter_value.hpp:121:60:[m[K [01;36m[Knote: [m[K  no known conversion for argument 1 from ‘[01m[Kstd::vector<Point>[m[K’ to ‘[01m[Kconst std::vector<std::__cxx11::basic_string<char> >&[m[K’
  121 |   explicit ParameterValue([01;36m[Kconst std::vector<std::string> & string_array_value[m[K);
      |                           [01;36m[K~~~~~~~~~~~~~~~~~~~~~~~~~~~~~~~~~^~~~~~~~~~~~~~~~~~[m[K
[01m[K/opt/ros/foxy/include/rclcpp/parameter_value.hpp:118:12:[m[K [01;36m[Knote: [m[Kcandidate: ‘[01m[Krclcpp::ParameterValue::ParameterValue(const std::vector<double, std::allocator<double> >&)[m[K’
  118 |   explicit [01;36m[KParameterValue[m[K(const std::vector<double> & double_array_value);
      |            [01;36m[K^~~~~~~~~~~~~~[m[K
[01m[K/opt/ros/foxy/include/rclcpp/parameter_value.hpp:118:55:[m[K [01;36m[Knote: [m[K  no known conversion for argument 1 from ‘[01m[Kstd::vector<Point>[m[K’ to ‘[01m[Kconst std::vector<double, std::allocator<double> >&[m[K’
  118 |   explicit ParameterValue([01;36m[Kconst std::vector<double> & double_array_value[m[K);
      |                           [01;36m[K~~~~~~~~~~~~~~~~~~~~~~~~~~~~^~~~~~~~~~~~~~~~~~[m[K
[01m[K/opt/ros/foxy/include/rclcpp/parameter_value.hpp:115:12:[m[K [01;36m[Knote: [m[Kcandidate: ‘[01m[Krclcpp::ParameterValue::ParameterValue(const std::vector<float>&)[m[K’
  115 |   explicit [01;36m[KParameterValue[m[K(const std::vector<float> & double_array_value);
      |            [01;36m[K^~~~~~~~~~~~~~[m[K
[01m[K/opt/ros/foxy/include/rclcpp/parameter_value.hpp:115:54:[m[K [01;36m[Knote: [m[K  no known conversion for argument 1 from ‘[01m[Kstd::vector<Point>[m[K’ to ‘[01m[Kconst std::vector<float>&[m[K’
  115 |   explicit ParameterValue([01;36m[Kconst std::vector<float> & double_array_value[m[K);
      |                           [01;36m[K~~~~~~~~~~~~~~~~~~~~~~~~~~~^~~~~~~~~~~~~~~~~~[m[K
[01m[K/opt/ros/foxy/include/rclcpp/parameter_value.hpp:112:12:[m[K [01;36m[Knote: [m[Kcandidate: ‘[01m[Krclcpp::ParameterValue::ParameterValue(const std::vector<long int, std::allocator<long int> >&)[m[K’
  112 |   explicit [01;36m[KParameterValue[m[K(const std::vector<int64_t> & int_array_value);
      |            [01;36m[K^~~~~~~~~~~~~~[m[K
[01m[K/opt/ros/foxy/include/rclcpp/parameter_value.hpp:112:56:[m[K [01;36m[Knote: [m[K  no known conversion for argument 1 from ‘[01m[Kstd::vector<Point>[m[K’ to ‘[01m[Kconst std::vector<long int, std::allocator<long int> >&[m[K’
  112 |   explicit ParameterValue([01;36m[Kconst std::vector<int64_t> & int_array_value[m[K);
      |                           [01;36m[K~~~~~~~~~~~~~~~~~~~~~~~~~~~~~^~~~~~~~~~~~~~~[m[K
[01m[K/opt/ros/foxy/include/rclcpp/parameter_value.hpp:109:12:[m[K [01;36m[Knote: [m[Kcandidate: ‘[01m[Krclcpp::ParameterValue::ParameterValue(const std::vector<int>&)[m[K’
  109 |   explicit [01;36m[KParameterValue[m[K(const std::vector<int> & int_array_value);
      |            [01;36m[K^~~~~~~~~~~~~~[m[K
[01m[K/opt/ros/foxy/include/rclcpp/parameter_value.hpp:109:52:[m[K [01;36m[Knote: [m[K  no known conversion for argument 1 from ‘[01m[Kstd::vector<Point>[m[K’ to ‘[01m[Kconst std::vector<int>&[m[K’
  109 |   explicit ParameterValue([01;36m[Kconst std::vector<int> & int_array_value[m[K);
      |                           [01;36m[K~~~~~~~~~~~~~~~~~~~~~~~~~^~~~~~~~~~~~~~~[m[K
[01m[K/opt/ros/foxy/include/rclcpp/parameter_value.hpp:106:12:[m[K [01;36m[Knote: [m[Kcandidate: ‘[01m[Krclcpp::ParameterValue::ParameterValue(const std::vector<bool, std::allocator<bool> >&)[m[K’
  106 |   explicit [01;36m[KParameterValue[m[K(const std::vector<bool> & bool_array_value);
      |            [01;36m[K^~~~~~~~~~~~~~[m[K
[01m[K/opt/ros/foxy/include/rclcpp/parameter_value.hpp:106:53:[m[K [01;36m[Knote: [m[K  no known conversion for argument 1 from ‘[01m[Kstd::vector<Point>[m[K’ to ‘[01m[Kconst std::vector<bool, std::allocator<bool> >&[m[K’
  106 |   explicit ParameterValue([01;36m[Kconst std::vector<bool> & bool_array_value[m[K);
      |                           [01;36m[K~~~~~~~~~~~~~~~~~~~~~~~~~~^~~~~~~~~~~~~~~~[m[K
[01m[K/opt/ros/foxy/include/rclcpp/parameter_value.hpp:103:12:[m[K [01;36m[Knote: [m[Kcandidate: ‘[01m[Krclcpp::ParameterValue::ParameterValue(const std::vector<unsigned char, std::allocator<unsigned char> >&)[m[K’
  103 |   explicit [01;36m[KParameterValue[m[K(const std::vector<uint8_t> & byte_array_value);
      |            [01;36m[K^~~~~~~~~~~~~~[m[K
[01m[K/opt/ros/foxy/include/rclcpp/parameter_value.hpp:103:56:[m[K [01;36m[Knote: [m[K  no known conversion for argument 1 from ‘[01m[Kstd::vector<Point>[m[K’ to ‘[01m[Kconst std::vector<unsigned char, std::allocator<unsigned char> >&[m[K’
  103 |   explicit ParameterValue([01;36m[Kconst std::vector<uint8_t> & byte_array_value[m[K);
      |                           [01;36m[K~~~~~~~~~~~~~~~~~~~~~~~~~~~~~^~~~~~~~~~~~~~~~[m[K
[01m[K/opt/ros/foxy/include/rclcpp/parameter_value.hpp:100:12:[m[K [01;36m[Knote: [m[Kcandidate: ‘[01m[Krclcpp::ParameterValue::ParameterValue(const char*)[m[K’
  100 |   explicit [01;36m[KParameterValue[m[K(const char * string_value);
      |            [01;36m[K^~~~~~~~~~~~~~[m[K
[01m[K/opt/ros/foxy/include/rclcpp/parameter_value.hpp:100:40:[m[K [01;36m[Knote: [m[K  no known conversion for argument 1 from ‘[01m[Kstd::vector<Point>[m[K’ to ‘[01m[Kconst char*[m[K’
  100 |   explicit ParameterValue([01;36m[Kconst char * string_value[m[K);
      |                           [01;36m[K~~~~~~~~~~~~~^~~~~~~~~~~~[m[K
[01m[K/opt/ros/foxy/include/rclcpp/parameter_value.hpp:97:12:[m[K [01;36m[Knote: [m[Kcandidate: ‘[01m[Krclcpp::ParameterValue::ParameterValue(const string&)[m[K’
   97 |   explicit [01;36m[KParameterValue[m[K(const std::string & string_value);
      |            [01;36m[K^~~~~~~~~~~~~~[m[K
[01m[K/opt/ros/foxy/include/rclcpp/parameter_value.hpp:97:47:[m[K [01;36m[Knote: [m[K  no known conversion for argument 1 from ‘[01m[Kstd::vector<Point>[m[K’ to ‘[01m[Kconst string&[m[K’ {aka ‘[01m[Kconst std::__cxx11::basic_string<char>&[m[K’}
   97 |   explicit ParameterValue([01;36m[Kconst std::string & string_value[m[K);
      |                           [01;36m[K~~~~~~~~~~~~~~~~~~~~^~~~~~~~~~~~[m[K
[01m[K/opt/ros/foxy/include/rclcpp/parameter_value.hpp:94:12:[m[K [01;36m[Knote: [m[Kcandidate: ‘[01m[Krclcpp::ParameterValue::ParameterValue(double)[m[K’
   94 |   explicit [01;36m[KParameterValue[m[K(const double double_value);
      |            [01;36m[K^~~~~~~~~~~~~~[m[K
[01m[K/opt/ros/foxy/include/rclcpp/parameter_value.hpp:94:40:[m[K [01;36m[Knote: [m[K  no known conversion for argument 1 from ‘[01m[Kstd::vector<Point>[m[K’ to ‘[01m[Kdouble[m[K’
   94 |   explicit ParameterValue([01;36m[Kconst double double_value[m[K);
      |                           [01;36m[K~~~~~~~~~~~~~^~~~~~~~~~~~[m[K
[01m[K/opt/ros/foxy/include/rclcpp/parameter_value.hpp:91:12:[m[K [01;36m[Knote: [m[Kcandidate: ‘[01m[Krclcpp::ParameterValue::ParameterValue(float)[m[K’
   91 |   explicit [01;36m[KParameterValue[m[K(const float double_value);
      |            [01;36m[K^~~~~~~~~~~~~~[m[K
[01m[K/opt/ros/foxy/include/rclcpp/parameter_value.hpp:91:39:[m[K [01;36m[Knote: [m[K  no known conversion for argument 1 from ‘[01m[Kstd::vector<Point>[m[K’ to ‘[01m[Kfloat[m[K’
   91 |   explicit ParameterValue([01;36m[Kconst float double_value[m[K);
      |                           [01;36m[K~~~~~~~~~~~~^~~~~~~~~~~~[m[K
[01m[K/opt/ros/foxy/include/rclcpp/parameter_value.hpp:88:12:[m[K [01;36m[Knote: [m[Kcandidate: ‘[01m[Krclcpp::ParameterValue::ParameterValue(int64_t)[m[K’
   88 |   explicit [01;36m[KParameterValue[m[K(const int64_t int_value);
      |            [01;36m[K^~~~~~~~~~~~~~[m[K
[01m[K/opt/ros/foxy/include/rclcpp/parameter_value.hpp:88:41:[m[K [01;36m[Knote: [m[K  no known conversion for argument 1 from ‘[01m[Kstd::vector<Point>[m[K’ to ‘[01m[Kint64_t[m[K’ {aka ‘[01m[Klong int[m[K’}
   88 |   explicit ParameterValue([01;36m[Kconst int64_t int_value[m[K);
      |                           [01;36m[K~~~~~~~~~~~~~~^~~~~~~~~[m[K
[01m[K/opt/ros/foxy/include/rclcpp/parameter_value.hpp:85:12:[m[K [01;36m[Knote: [m[Kcandidate: ‘[01m[Krclcpp::ParameterValue::ParameterValue(int)[m[K’
   85 |   explicit [01;36m[KParameterValue[m[K(const int int_value);
      |            [01;36m[K^~~~~~~~~~~~~~[m[K
[01m[K/opt/ros/foxy/include/rclcpp/parameter_value.hpp:85:37:[m[K [01;36m[Knote: [m[K  no known conversion for argument 1 from ‘[01m[Kstd::vector<Point>[m[K’ to ‘[01m[Kint[m[K’
   85 |   explicit ParameterValue([01;36m[Kconst int int_value[m[K);
      |                           [01;36m[K~~~~~~~~~~^~~~~~~~~[m[K
[01m[K/opt/ros/foxy/include/rclcpp/parameter_value.hpp:82:12:[m[K [01;36m[Knote: [m[Kcandidate: ‘[01m[Krclcpp::ParameterValue::ParameterValue(bool)[m[K’
   82 |   explicit [01;36m[KParameterValue[m[K(const bool bool_value);
      |            [01;36m[K^~~~~~~~~~~~~~[m[K
[01m[K/opt/ros/foxy/include/rclcpp/parameter_value.hpp:82:38:[m[K [01;36m[Knote: [m[K  no known conversion for argument 1 from ‘[01m[Kstd::vector<Point>[m[K’ to ‘[01m[Kbool[m[K’
   82 |   explicit ParameterValue([01;36m[Kconst bool bool_value[m[K);
      |                           [01;36m[K~~~~~~~~~~~^~~~~~~~~~[m[K
[01m[K/opt/ros/foxy/include/rclcpp/parameter_value.hpp:79:12:[m[K [01;36m[Knote: [m[Kcandidate: ‘[01m[Krclcpp::ParameterValue::ParameterValue(const ParameterValue&)[m[K’
   79 |   explicit [01;36m[KParameterValue[m[K(const rcl_interfaces::msg::ParameterValue & value);
      |            [01;36m[K^~~~~~~~~~~~~~[m[K
[01m[K/opt/ros/foxy/include/rclcpp/parameter_value.hpp:79:71:[m[K [01;36m[Knote: [m[K  no known conversion for argument 1 from ‘[01m[Kstd::vector<Point>[m[K’ to ‘[01m[Kconst ParameterValue&[m[K’ {aka ‘[01m[Kconst rcl_interfaces::msg::ParameterValue_<std::allocator<void> >&[m[K’}
   79 |   explicit ParameterValue([01;36m[Kconst rcl_interfaces::msg::ParameterValue & value[m[K);
      |                           [01;36m[K~~~~~~~~~~~~~~~~~~~~~~~~~~~~~~~~~~~~~~~~~~~~^~~~~[m[K
[01m[K/opt/ros/foxy/include/rclcpp/parameter_value.hpp:76:3:[m[K [01;36m[Knote: [m[Kcandidate: ‘[01m[Krclcpp::ParameterValue::ParameterValue()[m[K’
   76 |   [01;36m[KParameterValue[m[K();
      |   [01;36m[K^~~~~~~~~~~~~~[m[K
[01m[K/opt/ros/foxy/include/rclcpp/parameter_value.hpp:76:3:[m[K [01;36m[Knote: [m[K  candidate expects 0 arguments, 1 provided
[01m[K/opt/ros/foxy/include/rclcpp/parameter_value.hpp:71:7:[m[K [01;36m[Knote: [m[Kcandidate: ‘[01m[Krclcpp::ParameterValue::ParameterValue(const rclcpp::ParameterValue&)[m[K’
   71 | class [01;36m[KParameterValue[m[K
      |       [01;36m[K^~~~~~~~~~~~~~[m[K
[01m[K/opt/ros/foxy/include/rclcpp/parameter_value.hpp:71:7:[m[K [01;36m[Knote: [m[K  no known conversion for argument 1 from ‘[01m[Kstd::vector<Point>[m[K’ to ‘[01m[Kconst rclcpp::ParameterValue&[m[K’
[01m[K/opt/ros/foxy/include/rclcpp/parameter_value.hpp:71:7:[m[K [01;36m[Knote: [m[Kcandidate: ‘[01m[Krclcpp::ParameterValue::ParameterValue(rclcpp::ParameterValue&&)[m[K’
[01m[K/opt/ros/foxy/include/rclcpp/parameter_value.hpp:71:7:[m[K [01;36m[Knote: [m[K  no known conversion for argument 1 from ‘[01m[Kstd::vector<Point>[m[K’ to ‘[01m[Krclcpp::ParameterValue&&[m[K’
make[2]: *** [CMakeFiles/algo_out.dir/build.make:63: CMakeFiles/algo_out.dir/src/node2_algo_out.cpp.o] Error 1
make[1]: *** [CMakeFiles/Makefile2:80: CMakeFiles/algo_out.dir/all] Error 2
make[1]: *** Waiting for unfinished jobs....
make: *** [Makefile:141: all] Error 2
