[0.012s] Invoking command in '/home/reaper/ros2_ws/src/pathfinder/build/pathfinder': CMAKE_PREFIX_PATH=/opt/ros/foxy /usr/bin/cmake /home/reaper/ros2_ws/src/pathfinder -DCMAKE_INSTALL_PREFIX=/home/reaper/ros2_ws/src/pathfinder/install/pathfinder
[0.066s] -- The C compiler identification is GNU 9.4.0
[0.119s] -- The CXX compiler identification is GNU 9.4.0
[0.123s] -- Check for working C compiler: /usr/bin/cc
[0.194s] -- Check for working C compiler: /usr/bin/cc -- works
[0.195s] -- Detecting C compiler ABI info
[0.265s] -- Detecting C compiler ABI info - done
[0.274s] -- Detecting C compile features
[0.275s] -- Detecting C compile features - done
[0.277s] -- Check for working CXX compiler: /usr/bin/c++
[0.356s] -- Check for working CXX compiler: /usr/bin/c++ -- works
[0.357s] -- Detecting CXX compiler ABI info
[0.435s] -- Detecting CXX compiler ABI info - done
[0.445s] -- Detecting CXX compile features
[0.445s] -- Detecting CXX compile features - done
[0.447s] -- Found ament_cmake: 0.9.12 (/opt/ros/foxy/share/ament_cmake/cmake)
[0.469s] -- Found PythonInterp: /usr/bin/python3 (found suitable version "3.8.10", minimum required is "3") 
[0.469s] -- Using PYTHON_EXECUTABLE: /usr/bin/python3
[0.637s] -- Found rclcpp: 2.4.3 (/opt/ros/foxy/share/rclcpp/cmake)
[0.678s] -- Using all available rosidl_typesupport_c: rosidl_typesupport_fastrtps_c;rosidl_typesupport_introspection_c
[0.683s] -- Found rosidl_adapter: 1.3.1 (/opt/ros/foxy/share/rosidl_adapter/cmake)
[0.766s] -- Found OpenSSL: /usr/lib/x86_64-linux-gnu/libcrypto.so (found version "1.1.1f")  
[0.795s] -- Found FastRTPS: /opt/ros/foxy/include  
[0.869s] -- Using all available rosidl_typesupport_cpp: rosidl_typesupport_fastrtps_cpp;rosidl_typesupport_introspection_cpp
[0.919s] -- Found rmw_implementation_cmake: 1.0.4 (/opt/ros/foxy/share/rmw_implementation_cmake/cmake)
[0.920s] -- Using RMW implementation 'rmw_fastrtps_cpp' as default
[0.921s] -- Looking for pthread.h
[0.993s] -- Looking for pthread.h - found
[0.993s] -- Performing Test CMAKE_HAVE_LIBC_PTHREAD
[1.066s] -- Performing Test CMAKE_HAVE_LIBC_PTHREAD - Failed
[1.067s] -- Looking for pthread_create in pthreads
[1.128s] -- Looking for pthread_create in pthreads - not found
[1.128s] -- Looking for pthread_create in pthread
[1.199s] -- Looking for pthread_create in pthread - found
[1.200s] -- Found Threads: TRUE  
[1.391s] -- Configuring done
[1.401s] -- Generating done
[1.402s] -- Build files have been written to: /home/reaper/ros2_ws/src/pathfinder/build/pathfinder
[1.409s] Invoked command in '/home/reaper/ros2_ws/src/pathfinder/build/pathfinder' returned '0': CMAKE_PREFIX_PATH=/opt/ros/foxy /usr/bin/cmake /home/reaper/ros2_ws/src/pathfinder -DCMAKE_INSTALL_PREFIX=/home/reaper/ros2_ws/src/pathfinder/install/pathfinder
[1.413s] Invoking command in '/home/reaper/ros2_ws/src/pathfinder/build/pathfinder': CMAKE_PREFIX_PATH=/opt/ros/foxy /usr/bin/cmake --build /home/reaper/ros2_ws/src/pathfinder/build/pathfinder -- -j8 -l8
[1.454s] [35m[1mScanning dependencies of target in_map[0m
[1.454s] [35m[1mScanning dependencies of target algo_out[0m
[1.498s] [ 50%] [32mBuilding CXX object CMakeFiles/algo_out.dir/src/node2_algo_out.cpp.o[0m
[1.498s] [ 50%] [32mBuilding CXX object CMakeFiles/in_map.dir/src/node1_in_map.cpp.o[0m
[2.680s] In file included from [01m[K/opt/ros/foxy/include/rclcpp/node.hpp:1224[m[K,
[2.680s]                  from [01m[K/opt/ros/foxy/include/rclcpp/executors/single_threaded_executor.hpp:28[m[K,
[2.680s]                  from [01m[K/opt/ros/foxy/include/rclcpp/executors.hpp:22[m[K,
[2.680s]                  from [01m[K/opt/ros/foxy/include/rclcpp/rclcpp.hpp:146[m[K,
[2.680s]                  from [01m[K/home/reaper/ros2_ws/src/pathfinder/src/node2_algo_out.cpp:6[m[K:
[2.680s] /opt/ros/foxy/include/rclcpp/node_impl.hpp: In instantiation of ‘[01m[Kauto rclcpp::Node::declare_parameter(const string&, const ParameterT&, const ParameterDescriptor&, bool) [with ParameterT = Point; std::string = std::__cxx11::basic_string<char>; rcl_interfaces::msg::ParameterDescriptor = rcl_interfaces::msg::ParameterDescriptor_<std::allocator<void> >][m[K’:
[2.680s] [01m[K/home/reaper/ros2_ws/src/pathfinder/src/node2_algo_out.cpp:23:56:[m[K   required from here
[2.680s] [01m[K/opt/ros/foxy/include/rclcpp/node_impl.hpp:166:15:[m[K [01;31m[Kerror: [m[Kno matching function for call to ‘[01m[Krclcpp::ParameterValue::ParameterValue(const Point&)[m[K’
[2.680s]   166 |       rclcpp::[01;31m[KParameterValue(default_value)[m[K,
[2.681s]       |               [01;31m[K^~~~~~~~~~~~~~~~~~~~~~~~~~~~~[m[K
[2.681s] In file included from [01m[K/opt/ros/foxy/include/rclcpp/parameter.hpp:26[m[K,
[2.681s]                  from [01m[K/opt/ros/foxy/include/rclcpp/node_interfaces/node_parameters_interface.hpp:28[m[K,
[2.681s]                  from [01m[K/opt/ros/foxy/include/rclcpp/node.hpp:51[m[K,
[2.681s]                  from [01m[K/opt/ros/foxy/include/rclcpp/executors/single_threaded_executor.hpp:28[m[K,
[2.681s]                  from [01m[K/opt/ros/foxy/include/rclcpp/executors.hpp:22[m[K,
[2.681s]                  from [01m[K/opt/ros/foxy/include/rclcpp/rclcpp.hpp:146[m[K,
[2.681s]                  from [01m[K/home/reaper/ros2_ws/src/pathfinder/src/node2_algo_out.cpp:6[m[K:
[2.681s] [01m[K/opt/ros/foxy/include/rclcpp/parameter_value.hpp:121:12:[m[K [01;36m[Knote: [m[Kcandidate: ‘[01m[Krclcpp::ParameterValue::ParameterValue(const std::vector<std::__cxx11::basic_string<char> >&)[m[K’
[2.681s]   121 |   explicit [01;36m[KParameterValue[m[K(const std::vector<std::string> & string_array_value);
[2.681s]       |            [01;36m[K^~~~~~~~~~~~~~[m[K
[2.681s] [01m[K/opt/ros/foxy/include/rclcpp/parameter_value.hpp:121:60:[m[K [01;36m[Knote: [m[K  no known conversion for argument 1 from ‘[01m[Kconst Point[m[K’ to ‘[01m[Kconst std::vector<std::__cxx11::basic_string<char> >&[m[K’
[2.681s]   121 |   explicit ParameterValue([01;36m[Kconst std::vector<std::string> & string_array_value[m[K);
[2.681s]       |                           [01;36m[K~~~~~~~~~~~~~~~~~~~~~~~~~~~~~~~~~^~~~~~~~~~~~~~~~~~[m[K
[2.681s] [01m[K/opt/ros/foxy/include/rclcpp/parameter_value.hpp:118:12:[m[K [01;36m[Knote: [m[Kcandidate: ‘[01m[Krclcpp::ParameterValue::ParameterValue(const std::vector<double, std::allocator<double> >&)[m[K’
[2.681s]   118 |   explicit [01;36m[KParameterValue[m[K(const std::vector<double> & double_array_value);
[2.681s]       |            [01;36m[K^~~~~~~~~~~~~~[m[K
[2.681s] [01m[K/opt/ros/foxy/include/rclcpp/parameter_value.hpp:118:55:[m[K [01;36m[Knote: [m[K  no known conversion for argument 1 from ‘[01m[Kconst Point[m[K’ to ‘[01m[Kconst std::vector<double, std::allocator<double> >&[m[K’
[2.682s]   118 |   explicit ParameterValue([01;36m[Kconst std::vector<double> & double_array_value[m[K);
[2.682s]       |                           [01;36m[K~~~~~~~~~~~~~~~~~~~~~~~~~~~~^~~~~~~~~~~~~~~~~~[m[K
[2.682s] [01m[K/opt/ros/foxy/include/rclcpp/parameter_value.hpp:115:12:[m[K [01;36m[Knote: [m[Kcandidate: ‘[01m[Krclcpp::ParameterValue::ParameterValue(const std::vector<float>&)[m[K’
[2.682s]   115 |   explicit [01;36m[KParameterValue[m[K(const std::vector<float> & double_array_value);
[2.682s]       |            [01;36m[K^~~~~~~~~~~~~~[m[K
[2.682s] [01m[K/opt/ros/foxy/include/rclcpp/parameter_value.hpp:115:54:[m[K [01;36m[Knote: [m[K  no known conversion for argument 1 from ‘[01m[Kconst Point[m[K’ to ‘[01m[Kconst std::vector<float>&[m[K’
[2.682s]   115 |   explicit ParameterValue([01;36m[Kconst std::vector<float> & double_array_value[m[K);
[2.682s]       |                           [01;36m[K~~~~~~~~~~~~~~~~~~~~~~~~~~~^~~~~~~~~~~~~~~~~~[m[K
[2.682s] [01m[K/opt/ros/foxy/include/rclcpp/parameter_value.hpp:112:12:[m[K [01;36m[Knote: [m[Kcandidate: ‘[01m[Krclcpp::ParameterValue::ParameterValue(const std::vector<long int, std::allocator<long int> >&)[m[K’
[2.682s]   112 |   explicit [01;36m[KParameterValue[m[K(const std::vector<int64_t> & int_array_value);
[2.682s]       |            [01;36m[K^~~~~~~~~~~~~~[m[K
[2.682s] [01m[K/opt/ros/foxy/include/rclcpp/parameter_value.hpp:112:56:[m[K [01;36m[Knote: [m[K  no known conversion for argument 1 from ‘[01m[Kconst Point[m[K’ to ‘[01m[Kconst std::vector<long int, std::allocator<long int> >&[m[K’
[2.682s]   112 |   explicit ParameterValue([01;36m[Kconst std::vector<int64_t> & int_array_value[m[K);
[2.682s]       |                           [01;36m[K~~~~~~~~~~~~~~~~~~~~~~~~~~~~~^~~~~~~~~~~~~~~[m[K
[2.682s] [01m[K/opt/ros/foxy/include/rclcpp/parameter_value.hpp:109:12:[m[K [01;36m[Knote: [m[Kcandidate: ‘[01m[Krclcpp::ParameterValue::ParameterValue(const std::vector<int>&)[m[K’
[2.682s]   109 |   explicit [01;36m[KParameterValue[m[K(const std::vector<int> & int_array_value);
[2.682s]       |            [01;36m[K^~~~~~~~~~~~~~[m[K
[2.682s] [01m[K/opt/ros/foxy/include/rclcpp/parameter_value.hpp:109:52:[m[K [01;36m[Knote: [m[K  no known conversion for argument 1 from ‘[01m[Kconst Point[m[K’ to ‘[01m[Kconst std::vector<int>&[m[K’
[2.683s]   109 |   explicit ParameterValue([01;36m[Kconst std::vector<int> & int_array_value[m[K);
[2.683s]       |                           [01;36m[K~~~~~~~~~~~~~~~~~~~~~~~~~^~~~~~~~~~~~~~~[m[K
[2.683s] [01m[K/opt/ros/foxy/include/rclcpp/parameter_value.hpp:106:12:[m[K [01;36m[Knote: [m[Kcandidate: ‘[01m[Krclcpp::ParameterValue::ParameterValue(const std::vector<bool, std::allocator<bool> >&)[m[K’
[2.683s]   106 |   explicit [01;36m[KParameterValue[m[K(const std::vector<bool> & bool_array_value);
[2.683s]       |            [01;36m[K^~~~~~~~~~~~~~[m[K
[2.683s] [01m[K/opt/ros/foxy/include/rclcpp/parameter_value.hpp:106:53:[m[K [01;36m[Knote: [m[K  no known conversion for argument 1 from ‘[01m[Kconst Point[m[K’ to ‘[01m[Kconst std::vector<bool, std::allocator<bool> >&[m[K’
[2.683s]   106 |   explicit ParameterValue([01;36m[Kconst std::vector<bool> & bool_array_value[m[K);
[2.683s]       |                           [01;36m[K~~~~~~~~~~~~~~~~~~~~~~~~~~^~~~~~~~~~~~~~~~[m[K
[2.683s] [01m[K/opt/ros/foxy/include/rclcpp/parameter_value.hpp:103:12:[m[K [01;36m[Knote: [m[Kcandidate: ‘[01m[Krclcpp::ParameterValue::ParameterValue(const std::vector<unsigned char, std::allocator<unsigned char> >&)[m[K’
[2.684s]   103 |   explicit [01;36m[KParameterValue[m[K(const std::vector<uint8_t> & byte_array_value);
[2.684s]       |            [01;36m[K^~~~~~~~~~~~~~[m[K
[2.684s] [01m[K/opt/ros/foxy/include/rclcpp/parameter_value.hpp:103:56:[m[K [01;36m[Knote: [m[K  no known conversion for argument 1 from ‘[01m[Kconst Point[m[K’ to ‘[01m[Kconst std::vector<unsigned char, std::allocator<unsigned char> >&[m[K’
[2.684s]   103 |   explicit ParameterValue([01;36m[Kconst std::vector<uint8_t> & byte_array_value[m[K);
[2.684s]       |                           [01;36m[K~~~~~~~~~~~~~~~~~~~~~~~~~~~~~^~~~~~~~~~~~~~~~[m[K
[2.684s] [01m[K/opt/ros/foxy/include/rclcpp/parameter_value.hpp:100:12:[m[K [01;36m[Knote: [m[Kcandidate: ‘[01m[Krclcpp::ParameterValue::ParameterValue(const char*)[m[K’
[2.684s]   100 |   explicit [01;36m[KParameterValue[m[K(const char * string_value);
[2.684s]       |            [01;36m[K^~~~~~~~~~~~~~[m[K
[2.684s] [01m[K/opt/ros/foxy/include/rclcpp/parameter_value.hpp:100:40:[m[K [01;36m[Knote: [m[K  no known conversion for argument 1 from ‘[01m[Kconst Point[m[K’ to ‘[01m[Kconst char*[m[K’
[2.684s]   100 |   explicit ParameterValue([01;36m[Kconst char * string_value[m[K);
[2.684s]       |                           [01;36m[K~~~~~~~~~~~~~^~~~~~~~~~~~[m[K
[2.684s] [01m[K/opt/ros/foxy/include/rclcpp/parameter_value.hpp:97:12:[m[K [01;36m[Knote: [m[Kcandidate: ‘[01m[Krclcpp::ParameterValue::ParameterValue(const string&)[m[K’
[2.684s]    97 |   explicit [01;36m[KParameterValue[m[K(const std::string & string_value);
[2.684s]       |            [01;36m[K^~~~~~~~~~~~~~[m[K
[2.684s] [01m[K/opt/ros/foxy/include/rclcpp/parameter_value.hpp:97:47:[m[K [01;36m[Knote: [m[K  no known conversion for argument 1 from ‘[01m[Kconst Point[m[K’ to ‘[01m[Kconst string&[m[K’ {aka ‘[01m[Kconst std::__cxx11::basic_string<char>&[m[K’}
[2.684s]    97 |   explicit ParameterValue([01;36m[Kconst std::string & string_value[m[K);
[2.684s]       |                           [01;36m[K~~~~~~~~~~~~~~~~~~~~^~~~~~~~~~~~[m[K
[2.684s] [01m[K/opt/ros/foxy/include/rclcpp/parameter_value.hpp:94:12:[m[K [01;36m[Knote: [m[Kcandidate: ‘[01m[Krclcpp::ParameterValue::ParameterValue(double)[m[K’
[2.685s]    94 |   explicit [01;36m[KParameterValue[m[K(const double double_value);
[2.685s]       |            [01;36m[K^~~~~~~~~~~~~~[m[K
[2.685s] [01m[K/opt/ros/foxy/include/rclcpp/parameter_value.hpp:94:40:[m[K [01;36m[Knote: [m[K  no known conversion for argument 1 from ‘[01m[Kconst Point[m[K’ to ‘[01m[Kdouble[m[K’
[2.685s]    94 |   explicit ParameterValue([01;36m[Kconst double double_value[m[K);
[2.685s]       |                           [01;36m[K~~~~~~~~~~~~~^~~~~~~~~~~~[m[K
[2.685s] [01m[K/opt/ros/foxy/include/rclcpp/parameter_value.hpp:91:12:[m[K [01;36m[Knote: [m[Kcandidate: ‘[01m[Krclcpp::ParameterValue::ParameterValue(float)[m[K’
[2.685s]    91 |   explicit [01;36m[KParameterValue[m[K(const float double_value);
[2.685s]       |            [01;36m[K^~~~~~~~~~~~~~[m[K
[2.685s] [01m[K/opt/ros/foxy/include/rclcpp/parameter_value.hpp:91:39:[m[K [01;36m[Knote: [m[K  no known conversion for argument 1 from ‘[01m[Kconst Point[m[K’ to ‘[01m[Kfloat[m[K’
[2.685s]    91 |   explicit ParameterValue([01;36m[Kconst float double_value[m[K);
[2.685s]       |                           [01;36m[K~~~~~~~~~~~~^~~~~~~~~~~~[m[K
[2.685s] [01m[K/opt/ros/foxy/include/rclcpp/parameter_value.hpp:88:12:[m[K [01;36m[Knote: [m[Kcandidate: ‘[01m[Krclcpp::ParameterValue::ParameterValue(int64_t)[m[K’
[2.685s]    88 |   explicit [01;36m[KParameterValue[m[K(const int64_t int_value);
[2.685s]       |            [01;36m[K^~~~~~~~~~~~~~[m[K
[2.685s] [01m[K/opt/ros/foxy/include/rclcpp/parameter_value.hpp:88:41:[m[K [01;36m[Knote: [m[K  no known conversion for argument 1 from ‘[01m[Kconst Point[m[K’ to ‘[01m[Kint64_t[m[K’ {aka ‘[01m[Klong int[m[K’}
[2.685s]    88 |   explicit ParameterValue([01;36m[Kconst int64_t int_value[m[K);
[2.685s]       |                           [01;36m[K~~~~~~~~~~~~~~^~~~~~~~~[m[K
[2.685s] [01m[K/opt/ros/foxy/include/rclcpp/parameter_value.hpp:85:12:[m[K [01;36m[Knote: [m[Kcandidate: ‘[01m[Krclcpp::ParameterValue::ParameterValue(int)[m[K’
[2.685s]    85 |   explicit [01;36m[KParameterValue[m[K(const int int_value);
[2.686s]       |            [01;36m[K^~~~~~~~~~~~~~[m[K
[2.686s] [01m[K/opt/ros/foxy/include/rclcpp/parameter_value.hpp:85:37:[m[K [01;36m[Knote: [m[K  no known conversion for argument 1 from ‘[01m[Kconst Point[m[K’ to ‘[01m[Kint[m[K’
[2.686s]    85 |   explicit ParameterValue([01;36m[Kconst int int_value[m[K);
[2.686s]       |                           [01;36m[K~~~~~~~~~~^~~~~~~~~[m[K
[2.686s] [01m[K/opt/ros/foxy/include/rclcpp/parameter_value.hpp:82:12:[m[K [01;36m[Knote: [m[Kcandidate: ‘[01m[Krclcpp::ParameterValue::ParameterValue(bool)[m[K’
[2.686s]    82 |   explicit [01;36m[KParameterValue[m[K(const bool bool_value);
[2.686s]       |            [01;36m[K^~~~~~~~~~~~~~[m[K
[2.686s] [01m[K/opt/ros/foxy/include/rclcpp/parameter_value.hpp:82:38:[m[K [01;36m[Knote: [m[K  no known conversion for argument 1 from ‘[01m[Kconst Point[m[K’ to ‘[01m[Kbool[m[K’
[2.686s]    82 |   explicit ParameterValue([01;36m[Kconst bool bool_value[m[K);
[2.686s]       |                           [01;36m[K~~~~~~~~~~~^~~~~~~~~~[m[K
[2.686s] [01m[K/opt/ros/foxy/include/rclcpp/parameter_value.hpp:79:12:[m[K [01;36m[Knote: [m[Kcandidate: ‘[01m[Krclcpp::ParameterValue::ParameterValue(const ParameterValue&)[m[K’
[2.686s]    79 |   explicit [01;36m[KParameterValue[m[K(const rcl_interfaces::msg::ParameterValue & value);
[2.686s]       |            [01;36m[K^~~~~~~~~~~~~~[m[K
[2.686s] [01m[K/opt/ros/foxy/include/rclcpp/parameter_value.hpp:79:71:[m[K [01;36m[Knote: [m[K  no known conversion for argument 1 from ‘[01m[Kconst Point[m[K’ to ‘[01m[Kconst ParameterValue&[m[K’ {aka ‘[01m[Kconst rcl_interfaces::msg::ParameterValue_<std::allocator<void> >&[m[K’}
[2.686s]    79 |   explicit ParameterValue([01;36m[Kconst rcl_interfaces::msg::ParameterValue & value[m[K);
[2.687s]       |                           [01;36m[K~~~~~~~~~~~~~~~~~~~~~~~~~~~~~~~~~~~~~~~~~~~~^~~~~[m[K
[2.687s] [01m[K/opt/ros/foxy/include/rclcpp/parameter_value.hpp:76:3:[m[K [01;36m[Knote: [m[Kcandidate: ‘[01m[Krclcpp::ParameterValue::ParameterValue()[m[K’
[2.687s]    76 |   [01;36m[KParameterValue[m[K();
[2.687s]       |   [01;36m[K^~~~~~~~~~~~~~[m[K
[2.687s] [01m[K/opt/ros/foxy/include/rclcpp/parameter_value.hpp:76:3:[m[K [01;36m[Knote: [m[K  candidate expects 0 arguments, 1 provided
[2.687s] [01m[K/opt/ros/foxy/include/rclcpp/parameter_value.hpp:71:7:[m[K [01;36m[Knote: [m[Kcandidate: ‘[01m[Krclcpp::ParameterValue::ParameterValue(const rclcpp::ParameterValue&)[m[K’
[2.687s]    71 | class [01;36m[KParameterValue[m[K
[2.687s]       |       [01;36m[K^~~~~~~~~~~~~~[m[K
[2.687s] [01m[K/opt/ros/foxy/include/rclcpp/parameter_value.hpp:71:7:[m[K [01;36m[Knote: [m[K  no known conversion for argument 1 from ‘[01m[Kconst Point[m[K’ to ‘[01m[Kconst rclcpp::ParameterValue&[m[K’
[2.687s] [01m[K/opt/ros/foxy/include/rclcpp/parameter_value.hpp:71:7:[m[K [01;36m[Knote: [m[Kcandidate: ‘[01m[Krclcpp::ParameterValue::ParameterValue(rclcpp::ParameterValue&&)[m[K’
[2.687s] [01m[K/opt/ros/foxy/include/rclcpp/parameter_value.hpp:71:7:[m[K [01;36m[Knote: [m[K  no known conversion for argument 1 from ‘[01m[Kconst Point[m[K’ to ‘[01m[Krclcpp::ParameterValue&&[m[K’
[2.687s] In file included from [01m[K/opt/ros/foxy/include/rclcpp/node.hpp:1224[m[K,
[2.687s]                  from [01m[K/opt/ros/foxy/include/rclcpp/executors/single_threaded_executor.hpp:28[m[K,
[2.687s]                  from [01m[K/opt/ros/foxy/include/rclcpp/executors.hpp:22[m[K,
[2.687s]                  from [01m[K/opt/ros/foxy/include/rclcpp/rclcpp.hpp:146[m[K,
[2.687s]                  from [01m[K/home/reaper/ros2_ws/src/pathfinder/src/node2_algo_out.cpp:6[m[K:
[2.687s] /opt/ros/foxy/include/rclcpp/node_impl.hpp: In instantiation of ‘[01m[Kauto rclcpp::Node::declare_parameter(const string&, const ParameterT&, const ParameterDescriptor&, bool) [with ParameterT = std::vector<Point>; std::string = std::__cxx11::basic_string<char>; rcl_interfaces::msg::ParameterDescriptor = rcl_interfaces::msg::ParameterDescriptor_<std::allocator<void> >][m[K’:
[2.687s] [01m[K/home/reaper/ros2_ws/src/pathfinder/src/node2_algo_out.cpp:26:68:[m[K   required from here
[2.688s] [01m[K/opt/ros/foxy/include/rclcpp/node_impl.hpp:166:15:[m[K [01;31m[Kerror: [m[Kno matching function for call to ‘[01m[Krclcpp::ParameterValue::ParameterValue(const std::vector<Point>&)[m[K’
[2.688s]   166 |       rclcpp::[01;31m[KParameterValue(default_value)[m[K,
[2.688s]       |               [01;31m[K^~~~~~~~~~~~~~~~~~~~~~~~~~~~~[m[K
[2.688s] In file included from [01m[K/opt/ros/foxy/include/rclcpp/parameter.hpp:26[m[K,
[2.688s]                  from [01m[K/opt/ros/foxy/include/rclcpp/node_interfaces/node_parameters_interface.hpp:28[m[K,
[2.688s]                  from [01m[K/opt/ros/foxy/include/rclcpp/node.hpp:51[m[K,
[2.688s]                  from [01m[K/opt/ros/foxy/include/rclcpp/executors/single_threaded_executor.hpp:28[m[K,
[2.688s]                  from [01m[K/opt/ros/foxy/include/rclcpp/executors.hpp:22[m[K,
[2.688s]                  from [01m[K/opt/ros/foxy/include/rclcpp/rclcpp.hpp:146[m[K,
[2.688s]                  from [01m[K/home/reaper/ros2_ws/src/pathfinder/src/node2_algo_out.cpp:6[m[K:
[2.688s] [01m[K/opt/ros/foxy/include/rclcpp/parameter_value.hpp:121:12:[m[K [01;36m[Knote: [m[Kcandidate: ‘[01m[Krclcpp::ParameterValue::ParameterValue(const std::vector<std::__cxx11::basic_string<char> >&)[m[K’
[2.688s]   121 |   explicit [01;36m[KParameterValue[m[K(const std::vector<std::string> & string_array_value);
[2.688s]       |            [01;36m[K^~~~~~~~~~~~~~[m[K
[2.688s] [01m[K/opt/ros/foxy/include/rclcpp/parameter_value.hpp:121:60:[m[K [01;36m[Knote: [m[K  no known conversion for argument 1 from ‘[01m[Kconst std::vector<Point>[m[K’ to ‘[01m[Kconst std::vector<std::__cxx11::basic_string<char> >&[m[K’
[2.688s]   121 |   explicit ParameterValue([01;36m[Kconst std::vector<std::string> & string_array_value[m[K);
[2.688s]       |                           [01;36m[K~~~~~~~~~~~~~~~~~~~~~~~~~~~~~~~~~^~~~~~~~~~~~~~~~~~[m[K
[2.688s] [01m[K/opt/ros/foxy/include/rclcpp/parameter_value.hpp:118:12:[m[K [01;36m[Knote: [m[Kcandidate: ‘[01m[Krclcpp::ParameterValue::ParameterValue(const std::vector<double, std::allocator<double> >&)[m[K’
[2.688s]   118 |   explicit [01;36m[KParameterValue[m[K(const std::vector<double> & double_array_value);
[2.689s]       |            [01;36m[K^~~~~~~~~~~~~~[m[K
[2.689s] [01m[K/opt/ros/foxy/include/rclcpp/parameter_value.hpp:118:55:[m[K [01;36m[Knote: [m[K  no known conversion for argument 1 from ‘[01m[Kconst std::vector<Point>[m[K’ to ‘[01m[Kconst std::vector<double, std::allocator<double> >&[m[K’
[2.689s]   118 |   explicit ParameterValue([01;36m[Kconst std::vector<double> & double_array_value[m[K);
[2.689s]       |                           [01;36m[K~~~~~~~~~~~~~~~~~~~~~~~~~~~~^~~~~~~~~~~~~~~~~~[m[K
[2.689s] [01m[K/opt/ros/foxy/include/rclcpp/parameter_value.hpp:115:12:[m[K [01;36m[Knote: [m[Kcandidate: ‘[01m[Krclcpp::ParameterValue::ParameterValue(const std::vector<float>&)[m[K’
[2.689s]   115 |   explicit [01;36m[KParameterValue[m[K(const std::vector<float> & double_array_value);
[2.689s]       |            [01;36m[K^~~~~~~~~~~~~~[m[K
[2.689s] [01m[K/opt/ros/foxy/include/rclcpp/parameter_value.hpp:115:54:[m[K [01;36m[Knote: [m[K  no known conversion for argument 1 from ‘[01m[Kconst std::vector<Point>[m[K’ to ‘[01m[Kconst std::vector<float>&[m[K’
[2.689s]   115 |   explicit ParameterValue([01;36m[Kconst std::vector<float> & double_array_value[m[K);
[2.689s]       |                           [01;36m[K~~~~~~~~~~~~~~~~~~~~~~~~~~~^~~~~~~~~~~~~~~~~~[m[K
[2.689s] [01m[K/opt/ros/foxy/include/rclcpp/parameter_value.hpp:112:12:[m[K [01;36m[Knote: [m[Kcandidate: ‘[01m[Krclcpp::ParameterValue::ParameterValue(const std::vector<long int, std::allocator<long int> >&)[m[K’
[2.689s]   112 |   explicit [01;36m[KParameterValue[m[K(const std::vector<int64_t> & int_array_value);
[2.689s]       |            [01;36m[K^~~~~~~~~~~~~~[m[K
[2.689s] [01m[K/opt/ros/foxy/include/rclcpp/parameter_value.hpp:112:56:[m[K [01;36m[Knote: [m[K  no known conversion for argument 1 from ‘[01m[Kconst std::vector<Point>[m[K’ to ‘[01m[Kconst std::vector<long int, std::allocator<long int> >&[m[K’
[2.689s]   112 |   explicit ParameterValue([01;36m[Kconst std::vector<int64_t> & int_array_value[m[K);
[2.689s]       |                           [01;36m[K~~~~~~~~~~~~~~~~~~~~~~~~~~~~~^~~~~~~~~~~~~~~[m[K
[2.689s] [01m[K/opt/ros/foxy/include/rclcpp/parameter_value.hpp:109:12:[m[K [01;36m[Knote: [m[Kcandidate: ‘[01m[Krclcpp::ParameterValue::ParameterValue(const std::vector<int>&)[m[K’
[2.689s]   109 |   explicit [01;36m[KParameterValue[m[K(const std::vector<int> & int_array_value);
[2.689s]       |            [01;36m[K^~~~~~~~~~~~~~[m[K
[2.690s] [01m[K/opt/ros/foxy/include/rclcpp/parameter_value.hpp:109:52:[m[K [01;36m[Knote: [m[K  no known conversion for argument 1 from ‘[01m[Kconst std::vector<Point>[m[K’ to ‘[01m[Kconst std::vector<int>&[m[K’
[2.690s]   109 |   explicit ParameterValue([01;36m[Kconst std::vector<int> & int_array_value[m[K);
[2.690s]       |                           [01;36m[K~~~~~~~~~~~~~~~~~~~~~~~~~^~~~~~~~~~~~~~~[m[K
[2.690s] [01m[K/opt/ros/foxy/include/rclcpp/parameter_value.hpp:106:12:[m[K [01;36m[Knote: [m[Kcandidate: ‘[01m[Krclcpp::ParameterValue::ParameterValue(const std::vector<bool, std::allocator<bool> >&)[m[K’
[2.690s]   106 |   explicit [01;36m[KParameterValue[m[K(const std::vector<bool> & bool_array_value);
[2.690s]       |            [01;36m[K^~~~~~~~~~~~~~[m[K
[2.690s] [01m[K/opt/ros/foxy/include/rclcpp/parameter_value.hpp:106:53:[m[K [01;36m[Knote: [m[K  no known conversion for argument 1 from ‘[01m[Kconst std::vector<Point>[m[K’ to ‘[01m[Kconst std::vector<bool, std::allocator<bool> >&[m[K’
[2.690s]   106 |   explicit ParameterValue([01;36m[Kconst std::vector<bool> & bool_array_value[m[K);
[2.690s]       |                           [01;36m[K~~~~~~~~~~~~~~~~~~~~~~~~~~^~~~~~~~~~~~~~~~[m[K
[2.690s] [01m[K/opt/ros/foxy/include/rclcpp/parameter_value.hpp:103:12:[m[K [01;36m[Knote: [m[Kcandidate: ‘[01m[Krclcpp::ParameterValue::ParameterValue(const std::vector<unsigned char, std::allocator<unsigned char> >&)[m[K’
[2.690s]   103 |   explicit [01;36m[KParameterValue[m[K(const std::vector<uint8_t> & byte_array_value);
[2.690s]       |            [01;36m[K^~~~~~~~~~~~~~[m[K
[2.690s] [01m[K/opt/ros/foxy/include/rclcpp/parameter_value.hpp:103:56:[m[K [01;36m[Knote: [m[K  no known conversion for argument 1 from ‘[01m[Kconst std::vector<Point>[m[K’ to ‘[01m[Kconst std::vector<unsigned char, std::allocator<unsigned char> >&[m[K’
[2.690s]   103 |   explicit ParameterValue([01;36m[Kconst std::vector<uint8_t> & byte_array_value[m[K);
[2.690s]       |                           [01;36m[K~~~~~~~~~~~~~~~~~~~~~~~~~~~~~^~~~~~~~~~~~~~~~[m[K
[2.690s] [01m[K/opt/ros/foxy/include/rclcpp/parameter_value.hpp:100:12:[m[K [01;36m[Knote: [m[Kcandidate: ‘[01m[Krclcpp::ParameterValue::ParameterValue(const char*)[m[K’
[2.691s]   100 |   explicit [01;36m[KParameterValue[m[K(const char * string_value);
[2.691s]       |            [01;36m[K^~~~~~~~~~~~~~[m[K
[2.691s] [01m[K/opt/ros/foxy/include/rclcpp/parameter_value.hpp:100:40:[m[K [01;36m[Knote: [m[K  no known conversion for argument 1 from ‘[01m[Kconst std::vector<Point>[m[K’ to ‘[01m[Kconst char*[m[K’
[2.691s]   100 |   explicit ParameterValue([01;36m[Kconst char * string_value[m[K);
[2.691s]       |                           [01;36m[K~~~~~~~~~~~~~^~~~~~~~~~~~[m[K
[2.691s] [01m[K/opt/ros/foxy/include/rclcpp/parameter_value.hpp:97:12:[m[K [01;36m[Knote: [m[Kcandidate: ‘[01m[Krclcpp::ParameterValue::ParameterValue(const string&)[m[K’
[2.691s]    97 |   explicit [01;36m[KParameterValue[m[K(const std::string & string_value);
[2.691s]       |            [01;36m[K^~~~~~~~~~~~~~[m[K
[2.691s] [01m[K/opt/ros/foxy/include/rclcpp/parameter_value.hpp:97:47:[m[K [01;36m[Knote: [m[K  no known conversion for argument 1 from ‘[01m[Kconst std::vector<Point>[m[K’ to ‘[01m[Kconst string&[m[K’ {aka ‘[01m[Kconst std::__cxx11::basic_string<char>&[m[K’}
[2.691s]    97 |   explicit ParameterValue([01;36m[Kconst std::string & string_value[m[K);
[2.691s]       |                           [01;36m[K~~~~~~~~~~~~~~~~~~~~^~~~~~~~~~~~[m[K
[2.691s] [01m[K/opt/ros/foxy/include/rclcpp/parameter_value.hpp:94:12:[m[K [01;36m[Knote: [m[Kcandidate: ‘[01m[Krclcpp::ParameterValue::ParameterValue(double)[m[K’
[2.691s]    94 |   explicit [01;36m[KParameterValue[m[K(const double double_value);
[2.691s]       |            [01;36m[K^~~~~~~~~~~~~~[m[K
[2.691s] [01m[K/opt/ros/foxy/include/rclcpp/parameter_value.hpp:94:40:[m[K [01;36m[Knote: [m[K  no known conversion for argument 1 from ‘[01m[Kconst std::vector<Point>[m[K’ to ‘[01m[Kdouble[m[K’
[2.691s]    94 |   explicit ParameterValue([01;36m[Kconst double double_value[m[K);
[2.691s]       |                           [01;36m[K~~~~~~~~~~~~~^~~~~~~~~~~~[m[K
[2.691s] [01m[K/opt/ros/foxy/include/rclcpp/parameter_value.hpp:91:12:[m[K [01;36m[Knote: [m[Kcandidate: ‘[01m[Krclcpp::ParameterValue::ParameterValue(float)[m[K’
[2.692s]    91 |   explicit [01;36m[KParameterValue[m[K(const float double_value);
[2.692s]       |            [01;36m[K^~~~~~~~~~~~~~[m[K
[2.692s] [01m[K/opt/ros/foxy/include/rclcpp/parameter_value.hpp:91:39:[m[K [01;36m[Knote: [m[K  no known conversion for argument 1 from ‘[01m[Kconst std::vector<Point>[m[K’ to ‘[01m[Kfloat[m[K’
[2.692s]    91 |   explicit ParameterValue([01;36m[Kconst float double_value[m[K);
[2.692s]       |                           [01;36m[K~~~~~~~~~~~~^~~~~~~~~~~~[m[K
[2.692s] [01m[K/opt/ros/foxy/include/rclcpp/parameter_value.hpp:88:12:[m[K [01;36m[Knote: [m[Kcandidate: ‘[01m[Krclcpp::ParameterValue::ParameterValue(int64_t)[m[K’
[2.692s]    88 |   explicit [01;36m[KParameterValue[m[K(const int64_t int_value);
[2.692s]       |            [01;36m[K^~~~~~~~~~~~~~[m[K
[2.692s] [01m[K/opt/ros/foxy/include/rclcpp/parameter_value.hpp:88:41:[m[K [01;36m[Knote: [m[K  no known conversion for argument 1 from ‘[01m[Kconst std::vector<Point>[m[K’ to ‘[01m[Kint64_t[m[K’ {aka ‘[01m[Klong int[m[K’}
[2.692s]    88 |   explicit ParameterValue([01;36m[Kconst int64_t int_value[m[K);
[2.692s]       |                           [01;36m[K~~~~~~~~~~~~~~^~~~~~~~~[m[K
[2.692s] [01m[K/opt/ros/foxy/include/rclcpp/parameter_value.hpp:85:12:[m[K [01;36m[Knote: [m[Kcandidate: ‘[01m[Krclcpp::ParameterValue::ParameterValue(int)[m[K’
[2.692s]    85 |   explicit [01;36m[KParameterValue[m[K(const int int_value);
[2.692s]       |            [01;36m[K^~~~~~~~~~~~~~[m[K
[2.692s] [01m[K/opt/ros/foxy/include/rclcpp/parameter_value.hpp:85:37:[m[K [01;36m[Knote: [m[K  no known conversion for argument 1 from ‘[01m[Kconst std::vector<Point>[m[K’ to ‘[01m[Kint[m[K’
[2.692s]    85 |   explicit ParameterValue([01;36m[Kconst int int_value[m[K);
[2.692s]       |                           [01;36m[K~~~~~~~~~~^~~~~~~~~[m[K
[2.692s] [01m[K/opt/ros/foxy/include/rclcpp/parameter_value.hpp:82:12:[m[K [01;36m[Knote: [m[Kcandidate: ‘[01m[Krclcpp::ParameterValue::ParameterValue(bool)[m[K’
[2.692s]    82 |   explicit [01;36m[KParameterValue[m[K(const bool bool_value);
[2.693s]       |            [01;36m[K^~~~~~~~~~~~~~[m[K
[2.693s] [01m[K/opt/ros/foxy/include/rclcpp/parameter_value.hpp:82:38:[m[K [01;36m[Knote: [m[K  no known conversion for argument 1 from ‘[01m[Kconst std::vector<Point>[m[K’ to ‘[01m[Kbool[m[K’
[2.693s]    82 |   explicit ParameterValue([01;36m[Kconst bool bool_value[m[K);
[2.693s]       |                           [01;36m[K~~~~~~~~~~~^~~~~~~~~~[m[K
[2.693s] [01m[K/opt/ros/foxy/include/rclcpp/parameter_value.hpp:79:12:[m[K [01;36m[Knote: [m[Kcandidate: ‘[01m[Krclcpp::ParameterValue::ParameterValue(const ParameterValue&)[m[K’
[2.693s]    79 |   explicit [01;36m[KParameterValue[m[K(const rcl_interfaces::msg::ParameterValue & value);
[2.693s]       |            [01;36m[K^~~~~~~~~~~~~~[m[K
[2.693s] [01m[K/opt/ros/foxy/include/rclcpp/parameter_value.hpp:79:71:[m[K [01;36m[Knote: [m[K  no known conversion for argument 1 from ‘[01m[Kconst std::vector<Point>[m[K’ to ‘[01m[Kconst ParameterValue&[m[K’ {aka ‘[01m[Kconst rcl_interfaces::msg::ParameterValue_<std::allocator<void> >&[m[K’}
[2.693s]    79 |   explicit ParameterValue([01;36m[Kconst rcl_interfaces::msg::ParameterValue & value[m[K);
[2.693s]       |                           [01;36m[K~~~~~~~~~~~~~~~~~~~~~~~~~~~~~~~~~~~~~~~~~~~~^~~~~[m[K
[2.693s] [01m[K/opt/ros/foxy/include/rclcpp/parameter_value.hpp:76:3:[m[K [01;36m[Knote: [m[Kcandidate: ‘[01m[Krclcpp::ParameterValue::ParameterValue()[m[K’
[2.693s]    76 |   [01;36m[KParameterValue[m[K();
[2.693s]       |   [01;36m[K^~~~~~~~~~~~~~[m[K
[2.693s] [01m[K/opt/ros/foxy/include/rclcpp/parameter_value.hpp:76:3:[m[K [01;36m[Knote: [m[K  candidate expects 0 arguments, 1 provided
[2.693s] [01m[K/opt/ros/foxy/include/rclcpp/parameter_value.hpp:71:7:[m[K [01;36m[Knote: [m[Kcandidate: ‘[01m[Krclcpp::ParameterValue::ParameterValue(const rclcpp::ParameterValue&)[m[K’
[2.693s]    71 | class [01;36m[KParameterValue[m[K
[2.694s]       |       [01;36m[K^~~~~~~~~~~~~~[m[K
[2.694s] [01m[K/opt/ros/foxy/include/rclcpp/parameter_value.hpp:71:7:[m[K [01;36m[Knote: [m[K  no known conversion for argument 1 from ‘[01m[Kconst std::vector<Point>[m[K’ to ‘[01m[Kconst rclcpp::ParameterValue&[m[K’
[2.694s] [01m[K/opt/ros/foxy/include/rclcpp/parameter_value.hpp:71:7:[m[K [01;36m[Knote: [m[Kcandidate: ‘[01m[Krclcpp::ParameterValue::ParameterValue(rclcpp::ParameterValue&&)[m[K’
[2.694s] [01m[K/opt/ros/foxy/include/rclcpp/parameter_value.hpp:71:7:[m[K [01;36m[Knote: [m[K  no known conversion for argument 1 from ‘[01m[Kconst std::vector<Point>[m[K’ to ‘[01m[Krclcpp::ParameterValue&&[m[K’
[2.694s] [01m[K/home/reaper/ros2_ws/src/pathfinder/src/node2_algo_out.cpp:[m[K In member function ‘[01m[Kvoid FieldCreatorNode::create_field()[m[K’:
[2.694s] [01m[K/home/reaper/ros2_ws/src/pathfinder/src/node2_algo_out.cpp:72:50:[m[K [01;31m[Kerror: [m[Kconversion from ‘[01m[Kint64_t[m[K’ {aka ‘[01m[Klong int[m[K’} to non-scalar type ‘[01m[KPoint[m[K’ requested
[2.694s]    72 |         Point S = [01;31m[Kthis->get_parameter("S").as_int()[m[K;
[2.694s]       |                   [01;31m[K~~~~~~~~~~~~~~~~~~~~~~~~~~~~~~~^~[m[K
[2.694s] [01m[K/home/reaper/ros2_ws/src/pathfinder/src/node2_algo_out.cpp:73:50:[m[K [01;31m[Kerror: [m[Kconversion from ‘[01m[Kint64_t[m[K’ {aka ‘[01m[Klong int[m[K’} to non-scalar type ‘[01m[KPoint[m[K’ requested
[2.694s]    73 |         Point F = [01;31m[Kthis->get_parameter("F").as_int()[m[K;
[2.694s]       |                   [01;31m[K~~~~~~~~~~~~~~~~~~~~~~~~~~~~~~~^~[m[K
[2.694s] [01m[K/home/reaper/ros2_ws/src/pathfinder/src/node2_algo_out.cpp:75:73:[m[K [01;31m[Kerror: [m[K‘[01m[Kclass rclcpp::Parameter[m[K’ has no member named ‘[01m[Kas_vector[m[K’
[2.694s]    75 |         std::vector<Point> obstacles = this->get_parameter("obstacles").[01;31m[Kas_vector[m[K<Point>();
[2.694s]       |                                                                         [01;31m[K^~~~~~~~~[m[K
[2.694s] [01m[K/home/reaper/ros2_ws/src/pathfinder/src/node2_algo_out.cpp:75:88:[m[K [01;31m[Kerror: [m[Kexpected primary-expression before ‘[01m[K>[m[K’ token
[2.694s]    75 |         std::vector<Point> obstacles = this->get_parameter("obstacles").as_vector<Point[01;31m[K>[m[K();
[2.694s]       |                                                                                        [01;31m[K^[m[K
[2.695s] [01m[K/home/reaper/ros2_ws/src/pathfinder/src/node2_algo_out.cpp:75:90:[m[K [01;31m[Kerror: [m[Kexpected primary-expression before ‘[01m[K)[m[K’ token
[2.695s]    75 |         std::vector<Point> obstacles = this->get_parameter("obstacles").as_vector<Point>([01;31m[K)[m[K;
[2.695s]       |                                                                                          [01;31m[K^[m[K
[2.695s] [01m[K/home/reaper/ros2_ws/src/pathfinder/src/node2_algo_out.cpp:74:13:[m[K [01;35m[Kwarning: [m[Kunused variable ‘[01m[Kp[m[K’ [[01;35m[K-Wunused-variable[m[K]
[2.695s]    74 |         int [01;35m[Kp[m[K = this->get_parameter("p").as_int();
[2.695s]       |             [01;35m[K^[m[K
[2.766s] In file included from [01m[K/opt/ros/foxy/include/rclcpp/node_interfaces/node_parameters_interface.hpp:28[m[K,
[2.767s]                  from [01m[K/opt/ros/foxy/include/rclcpp/node.hpp:51[m[K,
[2.767s]                  from [01m[K/opt/ros/foxy/include/rclcpp/executors/single_threaded_executor.hpp:28[m[K,
[2.767s]                  from [01m[K/opt/ros/foxy/include/rclcpp/executors.hpp:22[m[K,
[2.767s]                  from [01m[K/opt/ros/foxy/include/rclcpp/rclcpp.hpp:146[m[K,
[2.767s]                  from [01m[K/home/reaper/ros2_ws/src/pathfinder/src/node2_algo_out.cpp:6[m[K:
[2.767s] /opt/ros/foxy/include/rclcpp/parameter.hpp: In instantiation of ‘[01m[Krclcpp::Parameter::Parameter(const string&, ValueTypeT) [with ValueTypeT = Point; std::string = std::__cxx11::basic_string<char>][m[K’:
[2.767s] [01m[K/home/reaper/ros2_ws/src/pathfinder/src/node2_algo_out.cpp:62:53:[m[K   required from here
[2.768s] [01m[K/opt/ros/foxy/include/rclcpp/parameter.hpp:70:21:[m[K [01;31m[Kerror: [m[Kno matching function for call to ‘[01m[Krclcpp::ParameterValue::ParameterValue(Point&)[m[K’
[2.768s]    70 |   : Parameter(name, [01;31m[KParameterValue(value)[m[K)
[2.768s]       |                     [01;31m[K^~~~~~~~~~~~~~~~~~~~~[m[K
[2.768s] In file included from [01m[K/opt/ros/foxy/include/rclcpp/parameter.hpp:26[m[K,
[2.768s]                  from [01m[K/opt/ros/foxy/include/rclcpp/node_interfaces/node_parameters_interface.hpp:28[m[K,
[2.768s]                  from [01m[K/opt/ros/foxy/include/rclcpp/node.hpp:51[m[K,
[2.768s]                  from [01m[K/opt/ros/foxy/include/rclcpp/executors/single_threaded_executor.hpp:28[m[K,
[2.768s]                  from [01m[K/opt/ros/foxy/include/rclcpp/executors.hpp:22[m[K,
[2.768s]                  from [01m[K/opt/ros/foxy/include/rclcpp/rclcpp.hpp:146[m[K,
[2.768s]                  from [01m[K/home/reaper/ros2_ws/src/pathfinder/src/node2_algo_out.cpp:6[m[K:
[2.768s] [01m[K/opt/ros/foxy/include/rclcpp/parameter_value.hpp:121:12:[m[K [01;36m[Knote: [m[Kcandidate: ‘[01m[Krclcpp::ParameterValue::ParameterValue(const std::vector<std::__cxx11::basic_string<char> >&)[m[K’
[2.768s]   121 |   explicit [01;36m[KParameterValue[m[K(const std::vector<std::string> & string_array_value);
[2.768s]       |            [01;36m[K^~~~~~~~~~~~~~[m[K
[2.768s] [01m[K/opt/ros/foxy/include/rclcpp/parameter_value.hpp:121:60:[m[K [01;36m[Knote: [m[K  no known conversion for argument 1 from ‘[01m[KPoint[m[K’ to ‘[01m[Kconst std::vector<std::__cxx11::basic_string<char> >&[m[K’
[2.768s]   121 |   explicit ParameterValue([01;36m[Kconst std::vector<std::string> & string_array_value[m[K);
[2.768s]       |                           [01;36m[K~~~~~~~~~~~~~~~~~~~~~~~~~~~~~~~~~^~~~~~~~~~~~~~~~~~[m[K
[2.768s] [01m[K/opt/ros/foxy/include/rclcpp/parameter_value.hpp:118:12:[m[K [01;36m[Knote: [m[Kcandidate: ‘[01m[Krclcpp::ParameterValue::ParameterValue(const std::vector<double, std::allocator<double> >&)[m[K’
[2.768s]   118 |   explicit [01;36m[KParameterValue[m[K(const std::vector<double> & double_array_value);
[2.769s]       |            [01;36m[K^~~~~~~~~~~~~~[m[K
[2.769s] [01m[K/opt/ros/foxy/include/rclcpp/parameter_value.hpp:118:55:[m[K [01;36m[Knote: [m[K  no known conversion for argument 1 from ‘[01m[KPoint[m[K’ to ‘[01m[Kconst std::vector<double, std::allocator<double> >&[m[K’
[2.769s]   118 |   explicit ParameterValue([01;36m[Kconst std::vector<double> & double_array_value[m[K);
[2.769s]       |                           [01;36m[K~~~~~~~~~~~~~~~~~~~~~~~~~~~~^~~~~~~~~~~~~~~~~~[m[K
[2.769s] [01m[K/opt/ros/foxy/include/rclcpp/parameter_value.hpp:115:12:[m[K [01;36m[Knote: [m[Kcandidate: ‘[01m[Krclcpp::ParameterValue::ParameterValue(const std::vector<float>&)[m[K’
[2.769s]   115 |   explicit [01;36m[KParameterValue[m[K(const std::vector<float> & double_array_value);
[2.769s]       |            [01;36m[K^~~~~~~~~~~~~~[m[K
[2.769s] [01m[K/opt/ros/foxy/include/rclcpp/parameter_value.hpp:115:54:[m[K [01;36m[Knote: [m[K  no known conversion for argument 1 from ‘[01m[KPoint[m[K’ to ‘[01m[Kconst std::vector<float>&[m[K’
[2.769s]   115 |   explicit ParameterValue([01;36m[Kconst std::vector<float> & double_array_value[m[K);
[2.769s]       |                           [01;36m[K~~~~~~~~~~~~~~~~~~~~~~~~~~~^~~~~~~~~~~~~~~~~~[m[K
[2.769s] [01m[K/opt/ros/foxy/include/rclcpp/parameter_value.hpp:112:12:[m[K [01;36m[Knote: [m[Kcandidate: ‘[01m[Krclcpp::ParameterValue::ParameterValue(const std::vector<long int, std::allocator<long int> >&)[m[K’
[2.769s]   112 |   explicit [01;36m[KParameterValue[m[K(const std::vector<int64_t> & int_array_value);
[2.769s]       |            [01;36m[K^~~~~~~~~~~~~~[m[K
[2.769s] [01m[K/opt/ros/foxy/include/rclcpp/parameter_value.hpp:112:56:[m[K [01;36m[Knote: [m[K  no known conversion for argument 1 from ‘[01m[KPoint[m[K’ to ‘[01m[Kconst std::vector<long int, std::allocator<long int> >&[m[K’
[2.769s]   112 |   explicit ParameterValue([01;36m[Kconst std::vector<int64_t> & int_array_value[m[K);
[2.769s]       |                           [01;36m[K~~~~~~~~~~~~~~~~~~~~~~~~~~~~~^~~~~~~~~~~~~~~[m[K
[2.770s] [01m[K/opt/ros/foxy/include/rclcpp/parameter_value.hpp:109:12:[m[K [01;36m[Knote: [m[Kcandidate: ‘[01m[Krclcpp::ParameterValue::ParameterValue(const std::vector<int>&)[m[K’
[2.770s]   109 |   explicit [01;36m[KParameterValue[m[K(const std::vector<int> & int_array_value);
[2.770s]       |            [01;36m[K^~~~~~~~~~~~~~[m[K
[2.770s] [01m[K/opt/ros/foxy/include/rclcpp/parameter_value.hpp:109:52:[m[K [01;36m[Knote: [m[K  no known conversion for argument 1 from ‘[01m[KPoint[m[K’ to ‘[01m[Kconst std::vector<int>&[m[K’
[2.770s]   109 |   explicit ParameterValue([01;36m[Kconst std::vector<int> & int_array_value[m[K);
[2.770s]       |                           [01;36m[K~~~~~~~~~~~~~~~~~~~~~~~~~^~~~~~~~~~~~~~~[m[K
[2.770s] [01m[K/opt/ros/foxy/include/rclcpp/parameter_value.hpp:106:12:[m[K [01;36m[Knote: [m[Kcandidate: ‘[01m[Krclcpp::ParameterValue::ParameterValue(const std::vector<bool, std::allocator<bool> >&)[m[K’
[2.770s]   106 |   explicit [01;36m[KParameterValue[m[K(const std::vector<bool> & bool_array_value);
[2.770s]       |            [01;36m[K^~~~~~~~~~~~~~[m[K
[2.770s] [01m[K/opt/ros/foxy/include/rclcpp/parameter_value.hpp:106:53:[m[K [01;36m[Knote: [m[K  no known conversion for argument 1 from ‘[01m[KPoint[m[K’ to ‘[01m[Kconst std::vector<bool, std::allocator<bool> >&[m[K’
[2.770s]   106 |   explicit ParameterValue([01;36m[Kconst std::vector<bool> & bool_array_value[m[K);
[2.770s]       |                           [01;36m[K~~~~~~~~~~~~~~~~~~~~~~~~~~^~~~~~~~~~~~~~~~[m[K
[2.770s] [01m[K/opt/ros/foxy/include/rclcpp/parameter_value.hpp:103:12:[m[K [01;36m[Knote: [m[Kcandidate: ‘[01m[Krclcpp::ParameterValue::ParameterValue(const std::vector<unsigned char, std::allocator<unsigned char> >&)[m[K’
[2.770s]   103 |   explicit [01;36m[KParameterValue[m[K(const std::vector<uint8_t> & byte_array_value);
[2.770s]       |            [01;36m[K^~~~~~~~~~~~~~[m[K
[2.770s] [01m[K/opt/ros/foxy/include/rclcpp/parameter_value.hpp:103:56:[m[K [01;36m[Knote: [m[K  no known conversion for argument 1 from ‘[01m[KPoint[m[K’ to ‘[01m[Kconst std::vector<unsigned char, std::allocator<unsigned char> >&[m[K’
[2.770s]   103 |   explicit ParameterValue([01;36m[Kconst std::vector<uint8_t> & byte_array_value[m[K);
[2.770s]       |                           [01;36m[K~~~~~~~~~~~~~~~~~~~~~~~~~~~~~^~~~~~~~~~~~~~~~[m[K
[2.771s] [01m[K/opt/ros/foxy/include/rclcpp/parameter_value.hpp:100:12:[m[K [01;36m[Knote: [m[Kcandidate: ‘[01m[Krclcpp::ParameterValue::ParameterValue(const char*)[m[K’
[2.771s]   100 |   explicit [01;36m[KParameterValue[m[K(const char * string_value);
[2.771s]       |            [01;36m[K^~~~~~~~~~~~~~[m[K
[2.771s] [01m[K/opt/ros/foxy/include/rclcpp/parameter_value.hpp:100:40:[m[K [01;36m[Knote: [m[K  no known conversion for argument 1 from ‘[01m[KPoint[m[K’ to ‘[01m[Kconst char*[m[K’
[2.771s]   100 |   explicit ParameterValue([01;36m[Kconst char * string_value[m[K);
[2.771s]       |                           [01;36m[K~~~~~~~~~~~~~^~~~~~~~~~~~[m[K
[2.771s] [01m[K/opt/ros/foxy/include/rclcpp/parameter_value.hpp:97:12:[m[K [01;36m[Knote: [m[Kcandidate: ‘[01m[Krclcpp::ParameterValue::ParameterValue(const string&)[m[K’
[2.771s]    97 |   explicit [01;36m[KParameterValue[m[K(const std::string & string_value);
[2.771s]       |            [01;36m[K^~~~~~~~~~~~~~[m[K
[2.771s] [01m[K/opt/ros/foxy/include/rclcpp/parameter_value.hpp:97:47:[m[K [01;36m[Knote: [m[K  no known conversion for argument 1 from ‘[01m[KPoint[m[K’ to ‘[01m[Kconst string&[m[K’ {aka ‘[01m[Kconst std::__cxx11::basic_string<char>&[m[K’}
[2.771s]    97 |   explicit ParameterValue([01;36m[Kconst std::string & string_value[m[K);
[2.771s]       |                           [01;36m[K~~~~~~~~~~~~~~~~~~~~^~~~~~~~~~~~[m[K
[2.771s] [01m[K/opt/ros/foxy/include/rclcpp/parameter_value.hpp:94:12:[m[K [01;36m[Knote: [m[Kcandidate: ‘[01m[Krclcpp::ParameterValue::ParameterValue(double)[m[K’
[2.771s]    94 |   explicit [01;36m[KParameterValue[m[K(const double double_value);
[2.771s]       |            [01;36m[K^~~~~~~~~~~~~~[m[K
[2.771s] [01m[K/opt/ros/foxy/include/rclcpp/parameter_value.hpp:94:40:[m[K [01;36m[Knote: [m[K  no known conversion for argument 1 from ‘[01m[KPoint[m[K’ to ‘[01m[Kdouble[m[K’
[2.771s]    94 |   explicit ParameterValue([01;36m[Kconst double double_value[m[K);
[2.771s]       |                           [01;36m[K~~~~~~~~~~~~~^~~~~~~~~~~~[m[K
[2.772s] [01m[K/opt/ros/foxy/include/rclcpp/parameter_value.hpp:91:12:[m[K [01;36m[Knote: [m[Kcandidate: ‘[01m[Krclcpp::ParameterValue::ParameterValue(float)[m[K’
[2.772s]    91 |   explicit [01;36m[KParameterValue[m[K(const float double_value);
[2.772s]       |            [01;36m[K^~~~~~~~~~~~~~[m[K
[2.772s] [01m[K/opt/ros/foxy/include/rclcpp/parameter_value.hpp:91:39:[m[K [01;36m[Knote: [m[K  no known conversion for argument 1 from ‘[01m[KPoint[m[K’ to ‘[01m[Kfloat[m[K’
[2.772s]    91 |   explicit ParameterValue([01;36m[Kconst float double_value[m[K);
[2.772s]       |                           [01;36m[K~~~~~~~~~~~~^~~~~~~~~~~~[m[K
[2.772s] [01m[K/opt/ros/foxy/include/rclcpp/parameter_value.hpp:88:12:[m[K [01;36m[Knote: [m[Kcandidate: ‘[01m[Krclcpp::ParameterValue::ParameterValue(int64_t)[m[K’
[2.772s]    88 |   explicit [01;36m[KParameterValue[m[K(const int64_t int_value);
[2.772s]       |            [01;36m[K^~~~~~~~~~~~~~[m[K
[2.772s] [01m[K/opt/ros/foxy/include/rclcpp/parameter_value.hpp:88:41:[m[K [01;36m[Knote: [m[K  no known conversion for argument 1 from ‘[01m[KPoint[m[K’ to ‘[01m[Kint64_t[m[K’ {aka ‘[01m[Klong int[m[K’}
[2.772s]    88 |   explicit ParameterValue([01;36m[Kconst int64_t int_value[m[K);
[2.772s]       |                           [01;36m[K~~~~~~~~~~~~~~^~~~~~~~~[m[K
[2.772s] [01m[K/opt/ros/foxy/include/rclcpp/parameter_value.hpp:85:12:[m[K [01;36m[Knote: [m[Kcandidate: ‘[01m[Krclcpp::ParameterValue::ParameterValue(int)[m[K’
[2.772s]    85 |   explicit [01;36m[KParameterValue[m[K(const int int_value);
[2.772s]       |            [01;36m[K^~~~~~~~~~~~~~[m[K
[2.772s] [01m[K/opt/ros/foxy/include/rclcpp/parameter_value.hpp:85:37:[m[K [01;36m[Knote: [m[K  no known conversion for argument 1 from ‘[01m[KPoint[m[K’ to ‘[01m[Kint[m[K’
[2.772s]    85 |   explicit ParameterValue([01;36m[Kconst int int_value[m[K);
[2.772s]       |                           [01;36m[K~~~~~~~~~~^~~~~~~~~[m[K
[2.772s] [01m[K/opt/ros/foxy/include/rclcpp/parameter_value.hpp:82:12:[m[K [01;36m[Knote: [m[Kcandidate: ‘[01m[Krclcpp::ParameterValue::ParameterValue(bool)[m[K’
[2.773s]    82 |   explicit [01;36m[KParameterValue[m[K(const bool bool_value);
[2.773s]       |            [01;36m[K^~~~~~~~~~~~~~[m[K
[2.773s] [01m[K/opt/ros/foxy/include/rclcpp/parameter_value.hpp:82:38:[m[K [01;36m[Knote: [m[K  no known conversion for argument 1 from ‘[01m[KPoint[m[K’ to ‘[01m[Kbool[m[K’
[2.773s]    82 |   explicit ParameterValue([01;36m[Kconst bool bool_value[m[K);
[2.773s]       |                           [01;36m[K~~~~~~~~~~~^~~~~~~~~~[m[K
[2.773s] [01m[K/opt/ros/foxy/include/rclcpp/parameter_value.hpp:79:12:[m[K [01;36m[Knote: [m[Kcandidate: ‘[01m[Krclcpp::ParameterValue::ParameterValue(const ParameterValue&)[m[K’
[2.773s]    79 |   explicit [01;36m[KParameterValue[m[K(const rcl_interfaces::msg::ParameterValue & value);
[2.773s]       |            [01;36m[K^~~~~~~~~~~~~~[m[K
[2.773s] [01m[K/opt/ros/foxy/include/rclcpp/parameter_value.hpp:79:71:[m[K [01;36m[Knote: [m[K  no known conversion for argument 1 from ‘[01m[KPoint[m[K’ to ‘[01m[Kconst ParameterValue&[m[K’ {aka ‘[01m[Kconst rcl_interfaces::msg::ParameterValue_<std::allocator<void> >&[m[K’}
[2.773s]    79 |   explicit ParameterValue([01;36m[Kconst rcl_interfaces::msg::ParameterValue & value[m[K);
[2.773s]       |                           [01;36m[K~~~~~~~~~~~~~~~~~~~~~~~~~~~~~~~~~~~~~~~~~~~~^~~~~[m[K
[2.773s] [01m[K/opt/ros/foxy/include/rclcpp/parameter_value.hpp:76:3:[m[K [01;36m[Knote: [m[Kcandidate: ‘[01m[Krclcpp::ParameterValue::ParameterValue()[m[K’
[2.773s]    76 |   [01;36m[KParameterValue[m[K();
[2.773s]       |   [01;36m[K^~~~~~~~~~~~~~[m[K
[2.773s] [01m[K/opt/ros/foxy/include/rclcpp/parameter_value.hpp:76:3:[m[K [01;36m[Knote: [m[K  candidate expects 0 arguments, 1 provided
[2.773s] [01m[K/opt/ros/foxy/include/rclcpp/parameter_value.hpp:71:7:[m[K [01;36m[Knote: [m[Kcandidate: ‘[01m[Krclcpp::ParameterValue::ParameterValue(const rclcpp::ParameterValue&)[m[K’
[2.773s]    71 | class [01;36m[KParameterValue[m[K
[2.773s]       |       [01;36m[K^~~~~~~~~~~~~~[m[K
[2.774s] [01m[K/opt/ros/foxy/include/rclcpp/parameter_value.hpp:71:7:[m[K [01;36m[Knote: [m[K  no known conversion for argument 1 from ‘[01m[KPoint[m[K’ to ‘[01m[Kconst rclcpp::ParameterValue&[m[K’
[2.774s] [01m[K/opt/ros/foxy/include/rclcpp/parameter_value.hpp:71:7:[m[K [01;36m[Knote: [m[Kcandidate: ‘[01m[Krclcpp::ParameterValue::ParameterValue(rclcpp::ParameterValue&&)[m[K’
[2.774s] [01m[K/opt/ros/foxy/include/rclcpp/parameter_value.hpp:71:7:[m[K [01;36m[Knote: [m[K  no known conversion for argument 1 from ‘[01m[KPoint[m[K’ to ‘[01m[Krclcpp::ParameterValue&&[m[K’
[2.774s] In file included from [01m[K/opt/ros/foxy/include/rclcpp/node_interfaces/node_parameters_interface.hpp:28[m[K,
[2.774s]                  from [01m[K/opt/ros/foxy/include/rclcpp/node.hpp:51[m[K,
[2.774s]                  from [01m[K/opt/ros/foxy/include/rclcpp/executors/single_threaded_executor.hpp:28[m[K,
[2.774s]                  from [01m[K/opt/ros/foxy/include/rclcpp/executors.hpp:22[m[K,
[2.774s]                  from [01m[K/opt/ros/foxy/include/rclcpp/rclcpp.hpp:146[m[K,
[2.774s]                  from [01m[K/home/reaper/ros2_ws/src/pathfinder/src/node2_algo_out.cpp:6[m[K:
[2.774s] /opt/ros/foxy/include/rclcpp/parameter.hpp: In instantiation of ‘[01m[Krclcpp::Parameter::Parameter(const string&, ValueTypeT) [with ValueTypeT = std::vector<Point>; std::string = std::__cxx11::basic_string<char>][m[K’:
[2.774s] [01m[K/home/reaper/ros2_ws/src/pathfinder/src/node2_algo_out.cpp:65:69:[m[K   required from here
[2.774s] [01m[K/opt/ros/foxy/include/rclcpp/parameter.hpp:70:21:[m[K [01;31m[Kerror: [m[Kno matching function for call to ‘[01m[Krclcpp::ParameterValue::ParameterValue(std::vector<Point>&)[m[K’
[2.774s]    70 |   : Parameter(name, [01;31m[KParameterValue(value)[m[K)
[2.774s]       |                     [01;31m[K^~~~~~~~~~~~~~~~~~~~~[m[K
[2.774s] In file included from [01m[K/opt/ros/foxy/include/rclcpp/parameter.hpp:26[m[K,
[2.774s]                  from [01m[K/opt/ros/foxy/include/rclcpp/node_interfaces/node_parameters_interface.hpp:28[m[K,
[2.774s]                  from [01m[K/opt/ros/foxy/include/rclcpp/node.hpp:51[m[K,
[2.774s]                  from [01m[K/opt/ros/foxy/include/rclcpp/executors/single_threaded_executor.hpp:28[m[K,
[2.775s]                  from [01m[K/opt/ros/foxy/include/rclcpp/executors.hpp:22[m[K,
[2.775s]                  from [01m[K/opt/ros/foxy/include/rclcpp/rclcpp.hpp:146[m[K,
[2.775s]                  from [01m[K/home/reaper/ros2_ws/src/pathfinder/src/node2_algo_out.cpp:6[m[K:
[2.775s] [01m[K/opt/ros/foxy/include/rclcpp/parameter_value.hpp:121:12:[m[K [01;36m[Knote: [m[Kcandidate: ‘[01m[Krclcpp::ParameterValue::ParameterValue(const std::vector<std::__cxx11::basic_string<char> >&)[m[K’
[2.775s]   121 |   explicit [01;36m[KParameterValue[m[K(const std::vector<std::string> & string_array_value);
[2.775s]       |            [01;36m[K^~~~~~~~~~~~~~[m[K
[2.775s] [01m[K/opt/ros/foxy/include/rclcpp/parameter_value.hpp:121:60:[m[K [01;36m[Knote: [m[K  no known conversion for argument 1 from ‘[01m[Kstd::vector<Point>[m[K’ to ‘[01m[Kconst std::vector<std::__cxx11::basic_string<char> >&[m[K’
[2.775s]   121 |   explicit ParameterValue([01;36m[Kconst std::vector<std::string> & string_array_value[m[K);
[2.775s]       |                           [01;36m[K~~~~~~~~~~~~~~~~~~~~~~~~~~~~~~~~~^~~~~~~~~~~~~~~~~~[m[K
[2.775s] [01m[K/opt/ros/foxy/include/rclcpp/parameter_value.hpp:118:12:[m[K [01;36m[Knote: [m[Kcandidate: ‘[01m[Krclcpp::ParameterValue::ParameterValue(const std::vector<double, std::allocator<double> >&)[m[K’
[2.775s]   118 |   explicit [01;36m[KParameterValue[m[K(const std::vector<double> & double_array_value);
[2.775s]       |            [01;36m[K^~~~~~~~~~~~~~[m[K
[2.775s] [01m[K/opt/ros/foxy/include/rclcpp/parameter_value.hpp:118:55:[m[K [01;36m[Knote: [m[K  no known conversion for argument 1 from ‘[01m[Kstd::vector<Point>[m[K’ to ‘[01m[Kconst std::vector<double, std::allocator<double> >&[m[K’
[2.775s]   118 |   explicit ParameterValue([01;36m[Kconst std::vector<double> & double_array_value[m[K);
[2.775s]       |                           [01;36m[K~~~~~~~~~~~~~~~~~~~~~~~~~~~~^~~~~~~~~~~~~~~~~~[m[K
[2.775s] [01m[K/opt/ros/foxy/include/rclcpp/parameter_value.hpp:115:12:[m[K [01;36m[Knote: [m[Kcandidate: ‘[01m[Krclcpp::ParameterValue::ParameterValue(const std::vector<float>&)[m[K’
[2.775s]   115 |   explicit [01;36m[KParameterValue[m[K(const std::vector<float> & double_array_value);
[2.775s]       |            [01;36m[K^~~~~~~~~~~~~~[m[K
[2.776s] [01m[K/opt/ros/foxy/include/rclcpp/parameter_value.hpp:115:54:[m[K [01;36m[Knote: [m[K  no known conversion for argument 1 from ‘[01m[Kstd::vector<Point>[m[K’ to ‘[01m[Kconst std::vector<float>&[m[K’
[2.776s]   115 |   explicit ParameterValue([01;36m[Kconst std::vector<float> & double_array_value[m[K);
[2.776s]       |                           [01;36m[K~~~~~~~~~~~~~~~~~~~~~~~~~~~^~~~~~~~~~~~~~~~~~[m[K
[2.776s] [01m[K/opt/ros/foxy/include/rclcpp/parameter_value.hpp:112:12:[m[K [01;36m[Knote: [m[Kcandidate: ‘[01m[Krclcpp::ParameterValue::ParameterValue(const std::vector<long int, std::allocator<long int> >&)[m[K’
[2.776s]   112 |   explicit [01;36m[KParameterValue[m[K(const std::vector<int64_t> & int_array_value);
[2.776s]       |            [01;36m[K^~~~~~~~~~~~~~[m[K
[2.776s] [01m[K/opt/ros/foxy/include/rclcpp/parameter_value.hpp:112:56:[m[K [01;36m[Knote: [m[K  no known conversion for argument 1 from ‘[01m[Kstd::vector<Point>[m[K’ to ‘[01m[Kconst std::vector<long int, std::allocator<long int> >&[m[K’
[2.776s]   112 |   explicit ParameterValue([01;36m[Kconst std::vector<int64_t> & int_array_value[m[K);
[2.776s]       |                           [01;36m[K~~~~~~~~~~~~~~~~~~~~~~~~~~~~~^~~~~~~~~~~~~~~[m[K
[2.776s] [01m[K/opt/ros/foxy/include/rclcpp/parameter_value.hpp:109:12:[m[K [01;36m[Knote: [m[Kcandidate: ‘[01m[Krclcpp::ParameterValue::ParameterValue(const std::vector<int>&)[m[K’
[2.776s]   109 |   explicit [01;36m[KParameterValue[m[K(const std::vector<int> & int_array_value);
[2.776s]       |            [01;36m[K^~~~~~~~~~~~~~[m[K
[2.776s] [01m[K/opt/ros/foxy/include/rclcpp/parameter_value.hpp:109:52:[m[K [01;36m[Knote: [m[K  no known conversion for argument 1 from ‘[01m[Kstd::vector<Point>[m[K’ to ‘[01m[Kconst std::vector<int>&[m[K’
[2.776s]   109 |   explicit ParameterValue([01;36m[Kconst std::vector<int> & int_array_value[m[K);
[2.776s]       |                           [01;36m[K~~~~~~~~~~~~~~~~~~~~~~~~~^~~~~~~~~~~~~~~[m[K
[2.776s] [01m[K/opt/ros/foxy/include/rclcpp/parameter_value.hpp:106:12:[m[K [01;36m[Knote: [m[Kcandidate: ‘[01m[Krclcpp::ParameterValue::ParameterValue(const std::vector<bool, std::allocator<bool> >&)[m[K’
[2.776s]   106 |   explicit [01;36m[KParameterValue[m[K(const std::vector<bool> & bool_array_value);
[2.776s]       |            [01;36m[K^~~~~~~~~~~~~~[m[K
[2.777s] [01m[K/opt/ros/foxy/include/rclcpp/parameter_value.hpp:106:53:[m[K [01;36m[Knote: [m[K  no known conversion for argument 1 from ‘[01m[Kstd::vector<Point>[m[K’ to ‘[01m[Kconst std::vector<bool, std::allocator<bool> >&[m[K’
[2.777s]   106 |   explicit ParameterValue([01;36m[Kconst std::vector<bool> & bool_array_value[m[K);
[2.777s]       |                           [01;36m[K~~~~~~~~~~~~~~~~~~~~~~~~~~^~~~~~~~~~~~~~~~[m[K
[2.777s] [01m[K/opt/ros/foxy/include/rclcpp/parameter_value.hpp:103:12:[m[K [01;36m[Knote: [m[Kcandidate: ‘[01m[Krclcpp::ParameterValue::ParameterValue(const std::vector<unsigned char, std::allocator<unsigned char> >&)[m[K’
[2.777s]   103 |   explicit [01;36m[KParameterValue[m[K(const std::vector<uint8_t> & byte_array_value);
[2.777s]       |            [01;36m[K^~~~~~~~~~~~~~[m[K
[2.777s] [01m[K/opt/ros/foxy/include/rclcpp/parameter_value.hpp:103:56:[m[K [01;36m[Knote: [m[K  no known conversion for argument 1 from ‘[01m[Kstd::vector<Point>[m[K’ to ‘[01m[Kconst std::vector<unsigned char, std::allocator<unsigned char> >&[m[K’
[2.777s]   103 |   explicit ParameterValue([01;36m[Kconst std::vector<uint8_t> & byte_array_value[m[K);
[2.777s]       |                           [01;36m[K~~~~~~~~~~~~~~~~~~~~~~~~~~~~~^~~~~~~~~~~~~~~~[m[K
[2.777s] [01m[K/opt/ros/foxy/include/rclcpp/parameter_value.hpp:100:12:[m[K [01;36m[Knote: [m[Kcandidate: ‘[01m[Krclcpp::ParameterValue::ParameterValue(const char*)[m[K’
[2.777s]   100 |   explicit [01;36m[KParameterValue[m[K(const char * string_value);
[2.777s]       |            [01;36m[K^~~~~~~~~~~~~~[m[K
[2.777s] [01m[K/opt/ros/foxy/include/rclcpp/parameter_value.hpp:100:40:[m[K [01;36m[Knote: [m[K  no known conversion for argument 1 from ‘[01m[Kstd::vector<Point>[m[K’ to ‘[01m[Kconst char*[m[K’
[2.777s]   100 |   explicit ParameterValue([01;36m[Kconst char * string_value[m[K);
[2.777s]       |                           [01;36m[K~~~~~~~~~~~~~^~~~~~~~~~~~[m[K
[2.777s] [01m[K/opt/ros/foxy/include/rclcpp/parameter_value.hpp:97:12:[m[K [01;36m[Knote: [m[Kcandidate: ‘[01m[Krclcpp::ParameterValue::ParameterValue(const string&)[m[K’
[2.777s]    97 |   explicit [01;36m[KParameterValue[m[K(const std::string & string_value);
[2.777s]       |            [01;36m[K^~~~~~~~~~~~~~[m[K
[2.777s] [01m[K/opt/ros/foxy/include/rclcpp/parameter_value.hpp:97:47:[m[K [01;36m[Knote: [m[K  no known conversion for argument 1 from ‘[01m[Kstd::vector<Point>[m[K’ to ‘[01m[Kconst string&[m[K’ {aka ‘[01m[Kconst std::__cxx11::basic_string<char>&[m[K’}
[2.777s]    97 |   explicit ParameterValue([01;36m[Kconst std::string & string_value[m[K);
[2.778s]       |                           [01;36m[K~~~~~~~~~~~~~~~~~~~~^~~~~~~~~~~~[m[K
[2.778s] [01m[K/opt/ros/foxy/include/rclcpp/parameter_value.hpp:94:12:[m[K [01;36m[Knote: [m[Kcandidate: ‘[01m[Krclcpp::ParameterValue::ParameterValue(double)[m[K’
[2.778s]    94 |   explicit [01;36m[KParameterValue[m[K(const double double_value);
[2.778s]       |            [01;36m[K^~~~~~~~~~~~~~[m[K
[2.778s] [01m[K/opt/ros/foxy/include/rclcpp/parameter_value.hpp:94:40:[m[K [01;36m[Knote: [m[K  no known conversion for argument 1 from ‘[01m[Kstd::vector<Point>[m[K’ to ‘[01m[Kdouble[m[K’
[2.778s]    94 |   explicit ParameterValue([01;36m[Kconst double double_value[m[K);
[2.778s]       |                           [01;36m[K~~~~~~~~~~~~~^~~~~~~~~~~~[m[K
[2.778s] [01m[K/opt/ros/foxy/include/rclcpp/parameter_value.hpp:91:12:[m[K [01;36m[Knote: [m[Kcandidate: ‘[01m[Krclcpp::ParameterValue::ParameterValue(float)[m[K’
[2.778s]    91 |   explicit [01;36m[KParameterValue[m[K(const float double_value);
[2.778s]       |            [01;36m[K^~~~~~~~~~~~~~[m[K
[2.778s] [01m[K/opt/ros/foxy/include/rclcpp/parameter_value.hpp:91:39:[m[K [01;36m[Knote: [m[K  no known conversion for argument 1 from ‘[01m[Kstd::vector<Point>[m[K’ to ‘[01m[Kfloat[m[K’
[2.778s]    91 |   explicit ParameterValue([01;36m[Kconst float double_value[m[K);
[2.778s]       |                           [01;36m[K~~~~~~~~~~~~^~~~~~~~~~~~[m[K
[2.778s] [01m[K/opt/ros/foxy/include/rclcpp/parameter_value.hpp:88:12:[m[K [01;36m[Knote: [m[Kcandidate: ‘[01m[Krclcpp::ParameterValue::ParameterValue(int64_t)[m[K’
[2.778s]    88 |   explicit [01;36m[KParameterValue[m[K(const int64_t int_value);
[2.778s]       |            [01;36m[K^~~~~~~~~~~~~~[m[K
[2.778s] [01m[K/opt/ros/foxy/include/rclcpp/parameter_value.hpp:88:41:[m[K [01;36m[Knote: [m[K  no known conversion for argument 1 from ‘[01m[Kstd::vector<Point>[m[K’ to ‘[01m[Kint64_t[m[K’ {aka ‘[01m[Klong int[m[K’}
[2.778s]    88 |   explicit ParameterValue([01;36m[Kconst int64_t int_value[m[K);
[2.779s]       |                           [01;36m[K~~~~~~~~~~~~~~^~~~~~~~~[m[K
[2.779s] [01m[K/opt/ros/foxy/include/rclcpp/parameter_value.hpp:85:12:[m[K [01;36m[Knote: [m[Kcandidate: ‘[01m[Krclcpp::ParameterValue::ParameterValue(int)[m[K’
[2.779s]    85 |   explicit [01;36m[KParameterValue[m[K(const int int_value);
[2.779s]       |            [01;36m[K^~~~~~~~~~~~~~[m[K
[2.779s] [01m[K/opt/ros/foxy/include/rclcpp/parameter_value.hpp:85:37:[m[K [01;36m[Knote: [m[K  no known conversion for argument 1 from ‘[01m[Kstd::vector<Point>[m[K’ to ‘[01m[Kint[m[K’
[2.779s]    85 |   explicit ParameterValue([01;36m[Kconst int int_value[m[K);
[2.779s]       |                           [01;36m[K~~~~~~~~~~^~~~~~~~~[m[K
[2.779s] [01m[K/opt/ros/foxy/include/rclcpp/parameter_value.hpp:82:12:[m[K [01;36m[Knote: [m[Kcandidate: ‘[01m[Krclcpp::ParameterValue::ParameterValue(bool)[m[K’
[2.779s]    82 |   explicit [01;36m[KParameterValue[m[K(const bool bool_value);
[2.779s]       |            [01;36m[K^~~~~~~~~~~~~~[m[K
[2.779s] [01m[K/opt/ros/foxy/include/rclcpp/parameter_value.hpp:82:38:[m[K [01;36m[Knote: [m[K  no known conversion for argument 1 from ‘[01m[Kstd::vector<Point>[m[K’ to ‘[01m[Kbool[m[K’
[2.779s]    82 |   explicit ParameterValue([01;36m[Kconst bool bool_value[m[K);
[2.779s]       |                           [01;36m[K~~~~~~~~~~~^~~~~~~~~~[m[K
[2.779s] [01m[K/opt/ros/foxy/include/rclcpp/parameter_value.hpp:79:12:[m[K [01;36m[Knote: [m[Kcandidate: ‘[01m[Krclcpp::ParameterValue::ParameterValue(const ParameterValue&)[m[K’
[2.779s]    79 |   explicit [01;36m[KParameterValue[m[K(const rcl_interfaces::msg::ParameterValue & value);
[2.779s]       |            [01;36m[K^~~~~~~~~~~~~~[m[K
[2.779s] [01m[K/opt/ros/foxy/include/rclcpp/parameter_value.hpp:79:71:[m[K [01;36m[Knote: [m[K  no known conversion for argument 1 from ‘[01m[Kstd::vector<Point>[m[K’ to ‘[01m[Kconst ParameterValue&[m[K’ {aka ‘[01m[Kconst rcl_interfaces::msg::ParameterValue_<std::allocator<void> >&[m[K’}
[2.779s]    79 |   explicit ParameterValue([01;36m[Kconst rcl_interfaces::msg::ParameterValue & value[m[K);
[2.780s]       |                           [01;36m[K~~~~~~~~~~~~~~~~~~~~~~~~~~~~~~~~~~~~~~~~~~~~^~~~~[m[K
[2.780s] [01m[K/opt/ros/foxy/include/rclcpp/parameter_value.hpp:76:3:[m[K [01;36m[Knote: [m[Kcandidate: ‘[01m[Krclcpp::ParameterValue::ParameterValue()[m[K’
[2.780s]    76 |   [01;36m[KParameterValue[m[K();
[2.780s]       |   [01;36m[K^~~~~~~~~~~~~~[m[K
[2.780s] [01m[K/opt/ros/foxy/include/rclcpp/parameter_value.hpp:76:3:[m[K [01;36m[Knote: [m[K  candidate expects 0 arguments, 1 provided
[2.780s] [01m[K/opt/ros/foxy/include/rclcpp/parameter_value.hpp:71:7:[m[K [01;36m[Knote: [m[Kcandidate: ‘[01m[Krclcpp::ParameterValue::ParameterValue(const rclcpp::ParameterValue&)[m[K’
[2.780s]    71 | class [01;36m[KParameterValue[m[K
[2.780s]       |       [01;36m[K^~~~~~~~~~~~~~[m[K
[2.780s] [01m[K/opt/ros/foxy/include/rclcpp/parameter_value.hpp:71:7:[m[K [01;36m[Knote: [m[K  no known conversion for argument 1 from ‘[01m[Kstd::vector<Point>[m[K’ to ‘[01m[Kconst rclcpp::ParameterValue&[m[K’
[2.780s] [01m[K/opt/ros/foxy/include/rclcpp/parameter_value.hpp:71:7:[m[K [01;36m[Knote: [m[Kcandidate: ‘[01m[Krclcpp::ParameterValue::ParameterValue(rclcpp::ParameterValue&&)[m[K’
[2.780s] [01m[K/opt/ros/foxy/include/rclcpp/parameter_value.hpp:71:7:[m[K [01;36m[Knote: [m[K  no known conversion for argument 1 from ‘[01m[Kstd::vector<Point>[m[K’ to ‘[01m[Krclcpp::ParameterValue&&[m[K’
[3.073s] make[2]: *** [CMakeFiles/algo_out.dir/build.make:63: CMakeFiles/algo_out.dir/src/node2_algo_out.cpp.o] Error 1
[3.073s] make[1]: *** [CMakeFiles/Makefile2:80: CMakeFiles/algo_out.dir/all] Error 2
[3.073s] make[1]: *** Waiting for unfinished jobs....
[4.166s] [ 75%] [32m[1mLinking CXX executable in_map[0m
[4.316s] [ 75%] Built target in_map
[4.317s] make: *** [Makefile:141: all] Error 2
[4.319s] Invoked command in '/home/reaper/ros2_ws/src/pathfinder/build/pathfinder' returned '2': CMAKE_PREFIX_PATH=/opt/ros/foxy /usr/bin/cmake --build /home/reaper/ros2_ws/src/pathfinder/build/pathfinder -- -j8 -l8
